2026-03-02 18:28:30: 
2026-03-02 18:28:30: ╭────────────────────────────────────────────────────────────────╮
2026-03-02 18:28:30: │                                                                │
2026-03-02 18:28:30: │  AI EMPLOYEE — INBOX WATCHER                                   │
2026-03-02 18:28:30: │  Perception Layer v0.1  •  Local-First  •  Autonomous          │
2026-03-02 18:28:30: │                                                                │
2026-03-02 18:28:30: │  Monitoring: /mnt/c/h-0/AI_Employee_Vault_bronze/Inbox         │
2026-03-02 18:28:30: │  Output:     /mnt/c/h-0/AI_Employee_Vault_bronze/Needs_Action  │
2026-03-02 18:28:30: │  Logs:       /mnt/c/h-0/AI_Employee_Vault_bronze/Logs          │
2026-03-02 18:28:30: │                                                                │
2026-03-02 18:28:30: ╰────────────────────────────────────────────────────────────────╯
2026-03-02 18:28:30: 
2026-03-02 18:28:30: [18:28:30] INFO     Watcher started — monitoring                                
2026-03-02 18:28:30:                     /mnt/c/h-0/AI_Employee_Vault_bronze/Inbox                   
2026-03-02 18:28:48: [18:28:48] INFO     ✓ Created TASK_20260302T132848.md  ←  gold_tier_test.md     
2026-03-02 18:31:48: [18:31:48] INFO     ✓ Created TASK_20260302T133148.md  ←  gold_odoo_invoice.md  
2026-03-02 18:31:49: [18:31:49] INFO     ✓ Created TASK_20260302T133149.md  ←  gold_linkedin_post.md 
2026-03-02 18:31:49:            INFO     ✓ Created TASK_20260302T133149.md  ←  gold_twitter_post.md  
2026-03-02 18:31:50: [18:31:50] INFO     ✓ Created TASK_20260302T133150.md  ←  gold_facebook_post.md 
2026-03-06 19:55:57: 
2026-03-06 19:55:57: ╭────────────────────────────────────────────────────────────────╮
2026-03-06 19:55:57: │                                                                │
2026-03-06 19:55:57: │  AI EMPLOYEE — INBOX WATCHER                                   │
2026-03-06 19:55:57: │  Perception Layer v0.1  •  Local-First  •  Autonomous          │
2026-03-06 19:55:57: │                                                                │
2026-03-06 19:55:57: │  Monitoring: /mnt/c/h-0/AI_Employee_Vault_bronze/Inbox         │
2026-03-06 19:55:57: │  Output:     /mnt/c/h-0/AI_Employee_Vault_bronze/Needs_Action  │
2026-03-06 19:55:57: │  Logs:       /mnt/c/h-0/AI_Employee_Vault_bronze/Logs          │
2026-03-06 19:55:57: │                                                                │
2026-03-06 19:55:57: ╰────────────────────────────────────────────────────────────────╯
2026-03-06 19:55:57: 
2026-03-06 19:55:57: [19:55:57] INFO     Watcher started — monitoring                                
2026-03-06 19:55:57:                     /mnt/c/h-0/AI_Employee_Vault_bronze/Inbox                   
2026-03-06 19:57:06: [19:57:06] INFO     ✓ Created TASK_20260306T145706.md  ←  test_odoo_invoice.md  
2026-03-06 19:57:10: [19:57:10] INFO     ✓ Created TASK_20260306T145710.md  ←  test_linkedin_post.md 
2026-03-06 19:57:14: [19:57:14] INFO     ✓ Created TASK_20260306T145714.md  ←  test_facebook_post.md 
2026-03-06 19:57:16: [19:57:16] INFO     ✓ Created TASK_20260306T145716.md  ←  test_twitter_post.md  
2026-03-06 19:57:18: [19:57:18] INFO     ✓ Created TASK_20260306T145718.md  ←  test_instagram_post.md
2026-03-06 19:57:22: [19:57:22] INFO     ✓ Created TASK_20260306T145722.md  ←  test_gmail_send.md    
2026-03-06 19:57:24: [19:57:24] INFO     ✓ Created TASK_20260306T145724.md  ←  test_ceo_briefing.md  
2026-03-06 20:13:15: [20:13:15] INFO     ✓ Created TASK_20260306T151315.md  ←  run_odoo_v2.md        
2026-03-06 20:13:15:            INFO     ✓ Created TASK_20260306T151315.md  ←  run_linkedin_v2.md    
2026-03-06 20:13:16: [20:13:16] INFO     ✓ Created TASK_20260306T151316.md  ←  run_facebook_v2.md    
2026-03-06 20:13:17: [20:13:17] INFO     ✓ Created TASK_20260306T151317.md  ←  run_twitter_v2.md     
2026-03-06 20:13:19: [20:13:18] INFO     ✓ Created TASK_20260306T151318.md  ←  run_gmail_v2.md       
2026-03-06 20:13:19: [20:13:19] INFO     ✓ Created TASK_20260306T151319.md  ←  run_instagram_v2.md   
2026-03-06 20:16:36: [20:16:36] INFO     Received SIGINT — shutting down gracefully…                 
2026-03-06 20:16:36: ╭──────────────────────────────────────────────────────────────────────────────╮
2026-03-06 20:16:36: │                                                                              │
2026-03-06 20:16:36: │    AI EMPLOYEE — INBOX WATCHER                                               │
2026-03-06 20:16:36: │                                                                              │
2026-03-06 20:16:36: ╰──────────────────────────────────────────────────────────────────────────────╯
2026-03-06 20:16:36: ╭──────────────────────────────────────╮╭──────────────────────────────────────╮
2026-03-06 20:16:36: │              Watcher Status          ││             Recent Tasks             │
2026-03-06 20:16:36: │ ┏━━━━━━━━━━━━━━━━━━━━┳━━━━━━━━━━━━━━ ││ ┏━━━━━━┳━━━━━━━━┳━━━━━━━━┳━━━━━━━━━┓ │
2026-03-06 20:16:36: │ ┃ Metric             ┃ Value         ││ ┃      ┃ Task   ┃        ┃         ┃ │
2026-03-06 20:16:36: │ ┡━━━━━━━━━━━━━━━━━━━━╇━━━━━━━━━━━━━━ ││ ┃ #    ┃ File   ┃ Source ┃ Time    ┃ │
2026-03-06 20:16:36: │ │ Status             │ ● ONLINE      ││ ┡━━━━━━╇━━━━━━━━╇━━━━━━━━╇━━━━━━━━━┩ │
2026-03-06 20:16:36: │ ├────────────────────┼────────────── ││ │ 1    │ TASK_… │ run_i… │ 15:13:… │ │
2026-03-06 20:16:36: │ │ Uptime             │ 00h 20m 38s   ││ │ 2    │ TASK_… │ run_g… │ 15:13:… │ │
2026-03-06 20:16:36: │ ├────────────────────┼────────────── ││ │ 3    │ TASK_… │ run_t… │ 15:13:… │ │
2026-03-06 20:16:36: │ │ Monitoring         │ /mnt/c/h-0/AI ││ │ 4    │ TASK_… │ run_f… │ 15:13:… │ │
2026-03-06 20:16:36: │ ├────────────────────┼────────────── ││ │ 5    │ TASK_… │ run_l… │ 15:13:… │ │
2026-03-06 20:16:36: │ │ Inbox Files        │ 18            ││ │ 6    │ TASK_… │ run_o… │ 15:13:… │ │
2026-03-06 20:16:36: │ ├────────────────────┼────────────── ││ │ 7    │ TASK_… │ test_… │ 14:57:… │ │
2026-03-06 20:16:36: │ │ Needs Action       │ 0             ││ │ 8    │ TASK_… │ test_… │ 14:57:… │ │
2026-03-06 20:16:36: │ ├────────────────────┼────────────── ││ │ 9    │ TASK_… │ test_… │ 14:57:… │ │
2026-03-06 20:16:36: │ │ Processed          │ 13            ││ │ 10   │ TASK_… │ test_… │ 14:57:… │ │
2026-03-06 20:16:36: ╰──────────────────────────────────────╯╰──────────────────────────────────────╯
2026-03-06 20:16:36: ╭──────────────────────────────────────────────────────────────────────────────╮
2026-03-06 20:16:36: │ Press Ctrl+C to stop  •  Logs → Logs/watcher.log  •  Polling every 2s        │
2026-03-06 20:16:36: 
2026-03-06 20:16:36: ╭─────────────────────────────────╮
2026-03-06 20:16:36: │ Watcher stopped.                │
2026-03-06 20:16:36: │ Processed 13 files  •  0 errors │
2026-03-06 20:16:36: ╰─────────────────────────────────╯
2026-03-06 20:16:37: 
2026-03-06 20:16:37: ╭────────────────────────────────────────────────────────────────╮
2026-03-06 20:16:37: │                                                                │
2026-03-06 20:16:37: │  AI EMPLOYEE — INBOX WATCHER                                   │
2026-03-06 20:16:37: │  Perception Layer v0.1  •  Local-First  •  Autonomous          │
2026-03-06 20:16:37: │                                                                │
2026-03-06 20:16:37: │  Monitoring: /mnt/c/h-0/AI_Employee_Vault_bronze/Inbox         │
2026-03-06 20:16:37: │  Output:     /mnt/c/h-0/AI_Employee_Vault_bronze/Needs_Action  │
2026-03-06 20:16:37: │  Logs:       /mnt/c/h-0/AI_Employee_Vault_bronze/Logs          │
2026-03-06 20:16:37: │                                                                │
2026-03-06 20:16:37: ╰────────────────────────────────────────────────────────────────╯
2026-03-06 20:16:37: 
2026-03-06 20:16:37: [20:16:37] INFO     Watcher started — monitoring                                
2026-03-06 20:16:37:                     /mnt/c/h-0/AI_Employee_Vault_bronze/Inbox                   
2026-03-07 16:08:54: 
2026-03-07 16:08:54: ╭────────────────────────────────────────────────────────────────╮
2026-03-07 16:08:54: │                                                                │
2026-03-07 16:08:54: │  AI EMPLOYEE — INBOX WATCHER                                   │
2026-03-07 16:08:54: │  Perception Layer v0.1  •  Local-First  •  Autonomous          │
2026-03-07 16:08:54: │                                                                │
2026-03-07 16:08:54: │  Monitoring: /mnt/c/h-0/AI_Employee_Vault_bronze/Inbox         │
2026-03-07 16:08:54: │  Output:     /mnt/c/h-0/AI_Employee_Vault_bronze/Needs_Action  │
2026-03-07 16:08:54: │  Logs:       /mnt/c/h-0/AI_Employee_Vault_bronze/Logs          │
2026-03-07 16:08:54: │                                                                │
2026-03-07 16:08:54: ╰────────────────────────────────────────────────────────────────╯
2026-03-07 16:08:54: 
2026-03-07 16:08:54: [16:08:54] INFO     Watcher started — monitoring                                
2026-03-07 16:08:54:                     /mnt/c/h-0/AI_Employee_Vault_bronze/Inbox                   
2026-03-07 16:09:14: [16:09:14] INFO     ✓ Created TASK_20260307T110914_229.md  ←  test_twitter.md   
2026-03-07 16:09:14:            INFO     ✓ Created TASK_20260307T110914_839.md  ←  test_instagram.md 
2026-03-07 16:09:15: [16:09:15] INFO     ✓ Created TASK_20260307T110915_425.md  ←  test_linkedin.md  
2026-03-07 16:09:15:            INFO     ✓ Created TASK_20260307T110915_960.md  ←  test_odoo.md      
2026-03-07 16:09:16: [16:09:16] INFO     ✓ Created TASK_20260307T110916_501.md  ←  test_facebook.md  
2026-03-07 16:09:17: [16:09:17] INFO     ✓ Created TASK_20260307T110917_088.md  ←  test_gmail.md     
2026-03-07 16:29:11: [16:29:11] INFO     ✓ Created TASK_20260307T112911_454.md  ←  e2e_instagram.md  
2026-03-07 16:29:12: [16:29:12] INFO     ✓ Created TASK_20260307T112912_378.md  ←  e2e_facebook.md   
2026-03-07 16:29:12:            INFO     ✓ Created TASK_20260307T112912_930.md  ←  e2e_twitter.md    
2026-03-07 16:41:13: [16:41:13] INFO     ✓ Created TASK_20260307T114113_854.md  ←  e2e_ig2.md        
2026-03-07 16:41:14: [16:41:14] INFO     ✓ Created TASK_20260307T114114_379.md  ←  e2e_tw2.md        
2026-03-07 16:41:14:            INFO     ✓ Created TASK_20260307T114114_909.md  ←  e2e_fb2.md        
2026-03-07 16:53:23: [16:53:23] INFO     ✓ Created TASK_20260307T115323_110.md  ←  e2e_fb3.md        
2026-03-07 16:53:23:            INFO     ✓ Created TASK_20260307T115323_671.md  ←  e2e_tw3.md        
2026-03-07 16:53:24: [16:53:24] INFO     ✓ Created TASK_20260307T115324_278.md  ←  e2e_ig3.md        
2026-03-07 17:06:42: [17:06:42] INFO     ✓ Created TASK_20260307T120642_288.md  ←  e2e_tw4.md        
2026-03-07 17:06:42:            INFO     ✓ Created TASK_20260307T120642_843.md  ←  e2e_ig4.md        
2026-03-08 06:51:04: 
2026-03-08 06:51:04: ╭────────────────────────────────────────────────────────────────╮
2026-03-08 06:51:04: │                                                                │
2026-03-08 06:51:04: │  AI EMPLOYEE — INBOX WATCHER                                   │
2026-03-08 06:51:04: │  Perception Layer v0.1  •  Local-First  •  Autonomous          │
2026-03-08 06:51:04: │                                                                │
2026-03-08 06:51:04: │  Monitoring: /mnt/c/h-0/AI_Employee_Vault_bronze/Inbox         │
2026-03-08 06:51:04: │  Output:     /mnt/c/h-0/AI_Employee_Vault_bronze/Needs_Action  │
2026-03-08 06:51:04: │  Logs:       /mnt/c/h-0/AI_Employee_Vault_bronze/Logs          │
2026-03-08 06:51:04: │                                                                │
2026-03-08 06:51:04: ╰────────────────────────────────────────────────────────────────╯
2026-03-08 06:51:04: 
2026-03-08 06:51:04: [06:51:04] INFO     Watcher started — monitoring                                
2026-03-08 06:51:04:                     /mnt/c/h-0/AI_Employee_Vault_bronze/Inbox                   
2026-03-29 16:54:42: 
2026-03-29 16:54:42: ╭────────────────────────────────────────────────────────────────╮
2026-03-29 16:54:42: │                                                                │
2026-03-29 16:54:42: │  AI EMPLOYEE — INBOX WATCHER                                   │
2026-03-29 16:54:42: │  Perception Layer v0.1  •  Local-First  •  Autonomous          │
2026-03-29 16:54:42: │                                                                │
2026-03-29 16:54:42: │  Monitoring: /mnt/c/h-0/ai_employee_vault_bronze/Inbox         │
2026-03-29 16:54:42: │  Output:     /mnt/c/h-0/ai_employee_vault_bronze/Needs_Action  │
2026-03-29 16:54:42: │  Logs:       /mnt/c/h-0/ai_employee_vault_bronze/Logs          │
2026-03-29 16:54:42: │                                                                │
2026-03-29 16:54:42: ╰────────────────────────────────────────────────────────────────╯
2026-03-29 16:54:42: 
2026-03-29 16:54:42: [16:54:42] INFO     Watcher started — monitoring                                
2026-03-29 16:54:42:                     /mnt/c/h-0/ai_employee_vault_bronze/Inbox                   
2026-03-29 17:22:31: [17:22:31] INFO     ✓ Created TASK_20260329T122231_372.md  ←                    
2026-03-29 17:22:31:                     GMAIL_19a29ca8b6fc2534.md                                   
2026-03-29 17:22:31:            INFO     ✓ Created TASK_20260329T122231_900.md  ←                    
2026-03-29 17:22:31:                     GMAIL_19cc801408c9cd99.md                                   
2026-03-29 17:22:32: [17:22:32] INFO     ✓ Created TASK_20260329T122232_428.md  ←                    
2026-03-29 17:22:32:                     GMAIL_199de9f8a831d47e.md                                   
2026-03-29 17:22:32:            INFO     ✓ Created TASK_20260329T122232_965.md  ←                    
2026-03-29 17:22:32:                     GMAIL_19a8afe8aa8bacee.md                                   
2026-03-29 17:22:33: [17:22:33] INFO     ✓ Created TASK_20260329T122233_499.md  ←                    
2026-03-29 17:22:33:                     GMAIL_199de9e194227f2c.md                                   
2026-03-29 17:22:34: [17:22:34] INFO     ✓ Created TASK_20260329T122234_046.md  ←                    
2026-03-29 17:22:34:                     GMAIL_18faa21309e02873.md                                   
2026-03-29 17:22:34:            INFO     ✓ Created TASK_20260329T122234_581.md  ←                    
2026-03-29 17:22:34:                     GMAIL_18f99107c9656e81.md                                   
2026-03-29 17:22:35: [17:22:35] INFO     ✓ Created TASK_20260329T122235_108.md  ←                    
2026-03-29 17:22:35:                     GMAIL_19857661ac209fc5.md                                   
2026-03-29 17:22:35:            INFO     ✓ Created TASK_20260329T122235_634.md  ←                    
2026-03-29 17:22:35:                     GMAIL_18fdf6fd3f1ff53c.md                                   
2026-03-29 17:22:36: [17:22:36] INFO     ✓ Created TASK_20260329T122236_182.md  ←                    
2026-03-29 17:22:36:                     GMAIL_198cdec8de7cb51c.md                                   
2026-03-29 17:22:36:            INFO     ✓ Created TASK_20260329T122236_725.md  ←                    
2026-03-29 17:22:36:                     GMAIL_18f990f2a4f31419.md                                   
2026-03-29 17:22:37: [17:22:37] INFO     ✓ Created TASK_20260329T122237_266.md  ←                    
2026-03-29 17:22:37:                     GMAIL_18fa3d92b1f52b60.md                                   
2026-03-29 17:22:37:            INFO     ✓ Created TASK_20260329T122237_784.md  ←                    
2026-03-29 17:22:37:                     GMAIL_18f7c88cb53658a0.md                                   
2026-03-29 17:23:44: [17:23:44] INFO     Received SIGINT — shutting down gracefully…                 
2026-03-29 17:23:45: ╭──────────────────────────────────────────────────────────────────────────────╮
2026-03-29 17:23:45: │                                                                              │
2026-03-29 17:23:45: │    AI EMPLOYEE — INBOX WATCHER                                               │
2026-03-29 17:23:45: │                                                                              │
2026-03-29 17:23:45: ╰──────────────────────────────────────────────────────────────────────────────╯
2026-03-29 17:23:45: ╭──────────────────────────────────────╮╭──────────────────────────────────────╮
2026-03-29 17:23:45: │              Watcher Status          ││             Recent Tasks             │
2026-03-29 17:23:45: │ ┏━━━━━━━━━━━━━━━━━━━━┳━━━━━━━━━━━━━━ ││ ┏━━━━━━┳━━━━━━━━┳━━━━━━━━┳━━━━━━━━━┓ │
2026-03-29 17:23:45: │ ┃ Metric             ┃ Value         ││ ┃      ┃ Task   ┃        ┃         ┃ │
2026-03-29 17:23:45: │ ┡━━━━━━━━━━━━━━━━━━━━╇━━━━━━━━━━━━━━ ││ ┃ #    ┃ File   ┃ Source ┃ Time    ┃ │
2026-03-29 17:23:45: │ │ Status             │ ● ONLINE      ││ ┡━━━━━━╇━━━━━━━━╇━━━━━━━━╇━━━━━━━━━┩ │
2026-03-29 17:23:45: │ ├────────────────────┼────────────── ││ │ 1    │ TASK_… │ GMAIL… │ 12:22:… │ │
2026-03-29 17:23:45: │ │ Uptime             │ 00h 29m 02s   ││ │ 2    │ TASK_… │ GMAIL… │ 12:22:… │ │
2026-03-29 17:23:45: │ ├────────────────────┼────────────── ││ │ 3    │ TASK_… │ GMAIL… │ 12:22:… │ │
2026-03-29 17:23:45: │ │ Monitoring         │ /mnt/c/h-0/ai ││ │ 4    │ TASK_… │ GMAIL… │ 12:22:… │ │
2026-03-29 17:23:45: │ ├────────────────────┼────────────── ││ │ 5    │ TASK_… │ GMAIL… │ 12:22:… │ │
2026-03-29 17:23:45: │ │ Inbox Files        │ 48            ││ │ 6    │ TASK_… │ GMAIL… │ 12:22:… │ │
2026-03-29 17:23:45: │ ├────────────────────┼────────────── ││ │ 7    │ TASK_… │ GMAIL… │ 12:22:… │ │
2026-03-29 17:23:45: │ │ Needs Action       │ 0             ││ │ 8    │ TASK_… │ GMAIL… │ 12:22:… │ │
2026-03-29 17:23:45: │ ├────────────────────┼────────────── ││ │ 9    │ TASK_… │ GMAIL… │ 12:22:… │ │
2026-03-29 17:23:45: │ │ Processed          │ 13            ││ │ 10   │ TASK_… │ GMAIL… │ 12:22:… │ │
2026-03-29 17:23:45: ╰──────────────────────────────────────╯╰──────────────────────────────────────╯
2026-03-29 17:23:45: ╭──────────────────────────────────────────────────────────────────────────────╮
2026-03-29 17:23:45: │ Press Ctrl+C to stop  •  Logs → Logs/watcher.log  •  Polling every 2s        │
2026-03-29 17:23:45: 
2026-03-29 17:23:45: ╭─────────────────────────────────╮
2026-03-29 17:23:45: │ Watcher stopped.                │
2026-03-29 17:23:45: │ Processed 13 files  •  0 errors │
2026-03-29 17:23:45: ╰─────────────────────────────────╯
2026-03-29 17:23:45: 
2026-03-29 17:23:45: ╭────────────────────────────────────────────────────────────────╮
2026-03-29 17:23:45: │                                                                │
2026-03-29 17:23:45: │  AI EMPLOYEE — INBOX WATCHER                                   │
2026-03-29 17:23:45: │  Perception Layer v0.1  •  Local-First  •  Autonomous          │
2026-03-29 17:23:45: │                                                                │
2026-03-29 17:23:45: │  Monitoring: /mnt/c/h-0/ai_employee_vault_bronze/Inbox         │
2026-03-29 17:23:45: │  Output:     /mnt/c/h-0/ai_employee_vault_bronze/Needs_Action  │
2026-03-29 17:23:45: │  Logs:       /mnt/c/h-0/ai_employee_vault_bronze/Logs          │
2026-03-29 17:23:45: │                                                                │
2026-03-29 17:23:45: ╰────────────────────────────────────────────────────────────────╯
2026-03-29 17:23:45: 
2026-03-29 17:23:46: [17:23:46] INFO     Watcher started — monitoring                                
2026-03-29 17:23:46:                     /mnt/c/h-0/ai_employee_vault_bronze/Inbox                   
2026-03-29 18:22:21: [18:22:21] INFO     ✓ Created TASK_20260329T132221_933.md  ←                    
2026-03-29 18:22:21:                     WHATSAPP_E2E_TEST.md                                        
2026-03-30 18:30:31: 
2026-03-30 18:30:31: ╭────────────────────────────────────────────────────────────────╮
2026-03-30 18:30:31: │                                                                │
2026-03-30 18:30:31: │  AI EMPLOYEE — INBOX WATCHER                                   │
2026-03-30 18:30:31: │  Perception Layer v0.1  •  Local-First  •  Autonomous          │
2026-03-30 18:30:31: │                                                                │
2026-03-30 18:30:31: │  Monitoring: /mnt/c/h-0/ai_employee_vault_bronze/Inbox         │
2026-03-30 18:30:31: │  Output:     /mnt/c/h-0/ai_employee_vault_bronze/Needs_Action  │
2026-03-30 18:30:31: │  Logs:       /mnt/c/h-0/ai_employee_vault_bronze/Logs          │
2026-03-30 18:30:31: │                                                                │
2026-03-30 18:30:31: ╰────────────────────────────────────────────────────────────────╯
2026-03-30 18:30:31: 
2026-03-30 18:30:31: [18:30:31] INFO     Watcher started — monitoring                                
2026-03-30 18:30:31:                     /mnt/c/h-0/ai_employee_vault_bronze/Inbox                   
2026-03-30 19:30:58: [19:30:58] INFO     Received SIGINT — shutting down gracefully…                 
2026-03-30 19:30:58: ╭──────────────────────────────────────────────────────────────────────────────╮
2026-03-30 19:30:58: │                                                                              │
2026-03-30 19:30:58: │    AI EMPLOYEE — INBOX WATCHER                                               │
2026-03-30 19:30:58: │                                                                              │
2026-03-30 19:30:58: ╰──────────────────────────────────────────────────────────────────────────────╯
2026-03-30 19:30:58: ╭──────────────────────────────────────╮╭──────────────────────────────────────╮
2026-03-30 19:30:58: │              Watcher Status          ││             Recent Tasks             │
2026-03-30 19:30:58: │ ┏━━━━━━━━━━━━━━━━━━━━┳━━━━━━━━━━━━━━ ││ ┏━━━━━━┳━━━━━━━━━━━┳━━━━━━━━┳━━━━━━┓ │
2026-03-30 19:30:58: │ ┃ Metric             ┃ Value         ││ ┃ #    ┃ Task File ┃ Source ┃ Time ┃ │
2026-03-30 19:30:58: │ ┡━━━━━━━━━━━━━━━━━━━━╇━━━━━━━━━━━━━━ ││ ┡━━━━━━╇━━━━━━━━━━━╇━━━━━━━━╇━━━━━━┩ │
2026-03-30 19:30:58: │ │ Status             │ ● ONLINE      ││ │ —    │ Waiting   │ —      │ —    │ │
2026-03-30 19:30:58: │ ├────────────────────┼────────────── ││ │      │ for       │        │      │ │
2026-03-30 19:30:58: │ │ Uptime             │ 01h 00m 26s   ││ │      │ files…    │        │      │ │
2026-03-30 19:30:58: │ ├────────────────────┼────────────── ││ └──────┴───────────┴────────┴──────┘ │
2026-03-30 19:30:58: │ │ Monitoring         │ /mnt/c/h-0/ai ││                                      │
2026-03-30 19:30:58: │ ├────────────────────┼────────────── ││                                      │
2026-03-30 19:30:58: │ │ Inbox Files        │ 49            ││                                      │
2026-03-30 19:30:58: │ ├────────────────────┼────────────── ││                                      │
2026-03-30 19:30:58: │ │ Needs Action       │ 0             ││                                      │
2026-03-30 19:30:58: │ ├────────────────────┼────────────── ││                                      │
2026-03-30 19:30:58: │ │ Processed          │ 0             ││                                      │
2026-03-30 19:30:58: ╰──────────────────────────────────────╯╰──────────────────────────────────────╯
2026-03-30 19:30:58: ╭──────────────────────────────────────────────────────────────────────────────╮
2026-03-30 19:30:58: │ Press Ctrl+C to stop  •  Logs → Logs/watcher.log  •  Polling every 2s        │
2026-03-30 19:30:58: ╰──────────────────────────────────────────────────────────────────────────────╯
2026-03-30 19:30:58: ╭────────────────────────────────╮
2026-03-30 19:30:58: │ Watcher stopped.               │
2026-03-30 19:30:58: │ Processed 0 files  •  0 errors │
2026-03-30 19:30:58: ╰────────────────────────────────╯
2026-03-30 19:30:59: 
2026-03-30 19:30:59: ╭────────────────────────────────────────────────────────────────╮
2026-03-30 19:30:59: │                                                                │
2026-03-30 19:30:59: │  AI EMPLOYEE — INBOX WATCHER                                   │
2026-03-30 19:30:59: │  Perception Layer v0.1  •  Local-First  •  Autonomous          │
2026-03-30 19:30:59: │                                                                │
2026-03-30 19:30:59: │  Monitoring: /mnt/c/h-0/ai_employee_vault_bronze/Inbox         │
2026-03-30 19:30:59: │  Output:     /mnt/c/h-0/ai_employee_vault_bronze/Needs_Action  │
2026-03-30 19:30:59: │  Logs:       /mnt/c/h-0/ai_employee_vault_bronze/Logs          │
2026-03-30 19:30:59: │                                                                │
2026-03-30 19:30:59: ╰────────────────────────────────────────────────────────────────╯
2026-03-30 19:30:59: 
2026-03-30 19:30:59: [19:30:59] INFO     Watcher started — monitoring                                
2026-03-30 19:30:59:                     /mnt/c/h-0/ai_employee_vault_bronze/Inbox                   
