2026-03-02 18:28:30: 
2026-03-02 18:28:30: ╭──────────────────────────────────────────────────────────────────╮
2026-03-02 18:28:30: │                                                                  │
2026-03-02 18:28:30: │  AI EMPLOYEE — ORCHESTRATOR                                      │
2026-03-02 18:28:30: │  Decision Layer v0.2 (Gold Tier)  •  Local-First  •  Autonomous  │
2026-03-02 18:28:30: │                                                                  │
2026-03-02 18:28:30: │  Scanning:   /mnt/c/h-0/AI_Employee_Vault_bronze/Needs_Action    │
2026-03-02 18:28:30: │  Approval:   /mnt/c/h-0/AI_Employee_Vault_bronze/Needs_Approval  │
2026-03-02 18:28:30: │  Approved:   /mnt/c/h-0/AI_Employee_Vault_bronze/Approved        │
2026-03-02 18:28:30: │  Done:       /mnt/c/h-0/AI_Employee_Vault_bronze/Done            │
2026-03-02 18:28:30: │  Briefings:  /mnt/c/h-0/AI_Employee_Vault_bronze/Briefings       │
2026-03-02 18:28:30: │  Dashboard:  /mnt/c/h-0/AI_Employee_Vault_bronze/Dashboard.md    │
2026-03-02 18:28:30: │  Logs:       /mnt/c/h-0/AI_Employee_Vault_bronze/Logs            │
2026-03-02 18:28:30: │                                                                  │
2026-03-02 18:28:30: ╰──────────────────────────────────────────────────────────────────╯
2026-03-02 18:28:30: 
2026-03-02 18:31:11: ╭──────────────────────────────────────────────────────────────────────────────╮
2026-03-02 18:31:11: │                                                                              │
2026-03-02 18:31:11: │    AI EMPLOYEE — ORCHESTRATOR                                                │
2026-03-02 18:31:11: │                                                                              │
2026-03-02 18:31:11: ╰──────────────────────────────────────────────────────────────────────────────╯
2026-03-02 18:31:11: ╭──────────────────────────────────────╮╭──────────────────────────────────────╮
2026-03-02 18:31:11: │           Orchestrator Status        ││            Recent Actions            │
2026-03-02 18:31:11: │ ┏━━━━━━━━━━━━━━━━━━━━┳━━━━━━━━━━━━━━ ││ ┏━━━━━━┳━━━━━━━━┳━━━━━━━━┳━━━━━━━━━┓ │
2026-03-02 18:31:11: │ ┃ Metric             ┃ Value         ││ ┃ #    ┃ Action ┃ Detail ┃ Time    ┃ │
2026-03-02 18:31:11: │ ┡━━━━━━━━━━━━━━━━━━━━╇━━━━━━━━━━━━━━ ││ ┡━━━━━━╇━━━━━━━━╇━━━━━━━━╇━━━━━━━━━┩ │
2026-03-02 18:31:11: │ │ Status             │ ● ONLINE      ││ │ 1    │ Triag… │ →      │ 13:28:… │ │
2026-03-02 18:31:11: │ ├────────────────────┼────────────── ││ │      │ TASK_… │ actio… │         │ │
2026-03-02 18:31:11: │ │ Uptime             │ 00h 02m 40s   ││ │      │        │ (medi… │         │ │
2026-03-02 18:31:11: │ ├────────────────────┼────────────── ││ │      │        │ +      │         │ │
2026-03-02 18:31:11: │ │ Scan Interval      │ 5s            ││ │      │        │ Plan_… │         │ │
2026-03-02 18:31:11: │ ├────────────────────┼────────────── ││ │ 2    │ Plan   │ for    │ 13:28:… │ │
2026-03-02 18:31:11: │ │ Needs Action       │ 2             ││ │      │ Plan_… │ TASK_… │         │ │
2026-03-02 18:31:11: │ ├────────────────────┼────────────── ││ │      │        │ (risk: │         │ │
2026-03-02 18:31:11: │ │ Needs Approval     │ 0             ││ │      │        │ mediu… │         │ │
2026-03-02 18:31:11: │ ├────────────────────┼────────────── ││ └──────┴────────┴────────┴─────────┘ │
2026-03-02 18:31:11: │ │ Approved Queue     │ 0             ││                                      │
2026-03-02 18:31:11: ╰──────────────────────────────────────╯╰──────────────────────────────────────╯
2026-03-02 18:31:11: ╭──────────────────────────────────────────────────────────────────────────────╮
2026-03-02 18:31:11: │ Press Ctrl+C to stop  •  Scanning every 5s  •  Logs → Logs/<date>.json       │
2026-03-02 18:31:11: 
2026-03-02 18:31:11: ╭──────────────────────────────────────────────────────────────────────────────╮
2026-03-02 18:31:11: │ Orchestrator stopped.                                                        │
2026-03-02 18:31:11: │ Triaged 1 tasks  •  Plans 1  •  Escalated 0  •  Skills 0  •  Completed 0  •  │
2026-03-02 18:31:11: │ 0 errors                                                                     │
2026-03-02 18:31:11: ╰──────────────────────────────────────────────────────────────────────────────╯
2026-03-02 18:31:11: 
2026-03-02 18:31:11: ╭──────────────────────────────────────────────────────────────────╮
2026-03-02 18:31:11: │                                                                  │
2026-03-02 18:31:11: │  AI EMPLOYEE — ORCHESTRATOR                                      │
2026-03-02 18:31:11: │  Decision Layer v0.2 (Gold Tier)  •  Local-First  •  Autonomous  │
2026-03-02 18:31:11: │                                                                  │
2026-03-02 18:31:11: │  Scanning:   /mnt/c/h-0/AI_Employee_Vault_bronze/Needs_Action    │
2026-03-02 18:31:11: │  Approval:   /mnt/c/h-0/AI_Employee_Vault_bronze/Needs_Approval  │
2026-03-02 18:31:11: │  Approved:   /mnt/c/h-0/AI_Employee_Vault_bronze/Approved        │
2026-03-02 18:31:11: │  Done:       /mnt/c/h-0/AI_Employee_Vault_bronze/Done            │
2026-03-02 18:31:11: │  Briefings:  /mnt/c/h-0/AI_Employee_Vault_bronze/Briefings       │
2026-03-02 18:31:11: │  Dashboard:  /mnt/c/h-0/AI_Employee_Vault_bronze/Dashboard.md    │
2026-03-02 18:31:11: │  Logs:       /mnt/c/h-0/AI_Employee_Vault_bronze/Logs            │
2026-03-02 18:31:11: │                                                                  │
2026-03-02 18:31:11: ╰──────────────────────────────────────────────────────────────────╯
2026-03-02 18:31:11: 
2026-03-02 18:35:19: [18:35:19] ⚠ SERVICE OFFLINE: Twitter (Auth Failed) —        orchestrator.py:235
2026-03-02 18:35:19:            WARNING: Content truncated to 280 chars for                          
2026-03-02 18:35:19:            Twitter                                                              
2026-03-02 18:35:19:            Posting to Twitter/X (280 ch                                         
2026-03-02 18:36:27: [18:36:27] ⚠ SERVICE OFFLINE: Facebook (Error) — Posting to  orchestrator.py:235
2026-03-02 18:36:27:            Facebook (474 chars) from                                            
2026-03-02 18:36:27:            TASK_20260302T133150.md...                                           
2026-03-02 18:36:27:              [1] Navigating                                                     
2026-03-02 19:24:35: ╭──────────────────────────────────────────────────────────────────────────────╮
2026-03-02 19:24:35: │                                                                              │
2026-03-02 19:24:35: │    AI EMPLOYEE — ORCHESTRATOR                                                │
2026-03-02 19:24:35: │                                                                              │
2026-03-02 19:24:35: ╰──────────────────────────────────────────────────────────────────────────────╯
2026-03-02 19:24:35: ╭──────────────────────────────────────╮╭──────────────────────────────────────╮
2026-03-02 19:24:35: │           Orchestrator Status        ││            Recent Actions            │
2026-03-02 19:24:35: │ ┏━━━━━━━━━━━━━━━━━━━━┳━━━━━━━━━━━━━━ ││ ┏━━━━━━┳━━━━━━━━┳━━━━━━━━┳━━━━━━━━━┓ │
2026-03-02 19:24:35: │ ┃ Metric             ┃ Value         ││ ┃ #    ┃ Action ┃ Detail ┃ Time    ┃ │
2026-03-02 19:24:35: │ ┡━━━━━━━━━━━━━━━━━━━━╇━━━━━━━━━━━━━━ ││ ┡━━━━━━╇━━━━━━━━╇━━━━━━━━╇━━━━━━━━━┩ │
2026-03-02 19:24:35: │ │ Status             │ ● ONLINE      ││ │ 1    │ Check… │ skill: │ 14:18:… │ │
2026-03-02 19:24:35: │ ├────────────────────┼────────────── ││ │      │ appro… │ linke… │         │ │
2026-03-02 19:24:35: │ │ Uptime             │ 00h 53m 23s   ││ │      │ Plan_… │ →      │         │ │
2026-03-02 19:24:35: │ ├────────────────────┼────────────── ││ │      │        │ Done/  │         │ │
2026-03-02 19:24:35: │ │ Scan Interval      │ 5s            ││ │ 2    │ Check… │ skill: │ 14:17:… │ │
2026-03-02 19:24:35: │ ├────────────────────┼────────────── ││ │      │ appro… │ accou… │         │ │
2026-03-02 19:24:35: │ │ Needs Action       │ 0             ││ │      │ Plan_… │ →      │         │ │
2026-03-02 19:24:35: │ ├────────────────────┼────────────── ││ │      │        │ Done/  │         │ │
2026-03-02 19:24:35: │ │ Needs Approval     │ 0             ││ │ 3    │ Check… │ skill: │ 14:09:… │ │
2026-03-02 19:24:35: │ ├────────────────────┼────────────── ││ │      │ appro… │ ceo-b… │         │ │
2026-03-02 19:24:35: │ │ Approved Queue     │ 0             ││ │      │ Plan_… │ →      │         │ │
2026-03-02 19:24:35: ╰──────────────────────────────────────╯╰──────────────────────────────────────╯
2026-03-02 19:24:35: ╭──────────────────────────────────────────────────────────────────────────────╮
2026-03-02 19:24:35: │ Press Ctrl+C to stop  •  Scanning every 5s  •  Logs → Logs/<date>.json       │
2026-03-02 19:24:35: 
2026-03-02 19:24:35: ╭──────────────────────────────────────────────────────────────────────────────╮
2026-03-02 19:24:35: │ Orchestrator stopped.                                                        │
2026-03-02 19:24:35: │ Triaged 3 tasks  •  Plans 3  •  Escalated 3  •  Skills 3  •  Completed 5  •  │
2026-03-02 19:24:35: │ 2 errors                                                                     │
2026-03-02 19:24:35: ╰──────────────────────────────────────────────────────────────────────────────╯
2026-03-02 19:24:53: 
2026-03-02 19:24:53: ╭──────────────────────────────────────────────────────────────────╮
2026-03-02 19:24:53: │                                                                  │
2026-03-02 19:24:53: │  AI EMPLOYEE — ORCHESTRATOR                                      │
2026-03-02 19:24:53: │  Decision Layer v0.2 (Gold Tier)  •  Local-First  •  Autonomous  │
2026-03-02 19:24:53: │                                                                  │
2026-03-02 19:24:53: │  Scanning:   /mnt/c/h-0/AI_Employee_Vault_bronze/Needs_Action    │
2026-03-02 19:24:53: │  Approval:   /mnt/c/h-0/AI_Employee_Vault_bronze/Needs_Approval  │
2026-03-02 19:24:53: │  Approved:   /mnt/c/h-0/AI_Employee_Vault_bronze/Approved        │
2026-03-02 19:24:53: │  Done:       /mnt/c/h-0/AI_Employee_Vault_bronze/Done            │
2026-03-02 19:24:53: │  Briefings:  /mnt/c/h-0/AI_Employee_Vault_bronze/Briefings       │
2026-03-02 19:24:53: │  Dashboard:  /mnt/c/h-0/AI_Employee_Vault_bronze/Dashboard.md    │
2026-03-02 19:24:53: │  Logs:       /mnt/c/h-0/AI_Employee_Vault_bronze/Logs            │
2026-03-02 19:24:53: │                                                                  │
2026-03-02 19:24:53: ╰──────────────────────────────────────────────────────────────────╯
2026-03-02 19:24:53: 
2026-03-02 19:26:47: ╭──────────────────────────────────────────────────────────────────────────────╮
2026-03-02 19:26:47: │                                                                              │
2026-03-02 19:26:47: │    AI EMPLOYEE — ORCHESTRATOR                                                │
2026-03-02 19:26:47: │                                                                              │
2026-03-02 19:26:47: ╰──────────────────────────────────────────────────────────────────────────────╯
2026-03-02 19:26:47: ╭──────────────────────────────────────╮╭──────────────────────────────────────╮
2026-03-02 19:26:47: │         Orchestrator Status          ││            Recent Actions            │
2026-03-02 19:26:47: │ ┏━━━━━━━━━━━━━━━━━━━━┳━━━━━━━━━━━━━┓ ││ ┏━━━━━━┳━━━━━━━━━━━┳━━━━━━━━┳━━━━━━┓ │
2026-03-02 19:26:47: │ ┃ Metric             ┃ Value       ┃ ││ ┃ #    ┃ Action    ┃ Detail ┃ Time ┃ │
2026-03-02 19:26:47: │ ┡━━━━━━━━━━━━━━━━━━━━╇━━━━━━━━━━━━━┩ ││ ┡━━━━━━╇━━━━━━━━━━━╇━━━━━━━━╇━━━━━━┩ │
2026-03-02 19:26:47: │ │ Status             │ ● ONLINE    │ ││ │ —    │ Waiting   │ —      │ —    │ │
2026-03-02 19:26:47: │ ├────────────────────┼─────────────┤ ││ │      │ for       │        │      │ │
2026-03-02 19:26:47: │ │ Uptime             │ 00h 01m 53s │ ││ │      │ tasks…    │        │      │ │
2026-03-02 19:26:47: │ ├────────────────────┼─────────────┤ ││ └──────┴───────────┴────────┴──────┘ │
2026-03-02 19:26:47: │ │ Scan Interval      │ 5s          │ ││                                      │
2026-03-02 19:26:47: │ ├────────────────────┼─────────────┤ ││                                      │
2026-03-02 19:26:47: │ │ Needs Action       │ 0           │ ││                                      │
2026-03-02 19:26:47: │ ├────────────────────┼─────────────┤ ││                                      │
2026-03-02 19:26:47: │ │ Needs Approval     │ 0           │ ││                                      │
2026-03-02 19:26:47: │ ├────────────────────┼─────────────┤ ││                                      │
2026-03-02 19:26:47: │ │ Approved Queue     │ 0           │ ││                                      │
2026-03-02 19:26:47: ╰──────────────────────────────────────╯╰──────────────────────────────────────╯
2026-03-02 19:26:47: ╭──────────────────────────────────────────────────────────────────────────────╮
2026-03-02 19:26:47: │ Press Ctrl+C to stop  •  Scanning every 5s  •  Logs → Logs/<date>.json       │
2026-03-02 19:26:47: 
2026-03-02 19:26:47: ╭──────────────────────────────────────────────────────────────────────────────╮
2026-03-02 19:26:47: │ Orchestrator stopped.                                                        │
2026-03-02 19:26:47: │ Triaged 0 tasks  •  Plans 0  •  Escalated 0  •  Skills 0  •  Completed 0  •  │
2026-03-02 19:26:47: │ 0 errors                                                                     │
2026-03-02 19:26:47: ╰──────────────────────────────────────────────────────────────────────────────╯
2026-03-02 19:26:47: 
2026-03-02 19:26:47: ╭──────────────────────────────────────────────────────────────────╮
2026-03-02 19:26:47: │                                                                  │
2026-03-02 19:26:47: │  AI EMPLOYEE — ORCHESTRATOR                                      │
2026-03-02 19:26:47: │  Decision Layer v0.2 (Gold Tier)  •  Local-First  •  Autonomous  │
2026-03-02 19:26:47: │                                                                  │
2026-03-02 19:26:47: │  Scanning:   /mnt/c/h-0/AI_Employee_Vault_bronze/Needs_Action    │
2026-03-02 19:26:47: │  Approval:   /mnt/c/h-0/AI_Employee_Vault_bronze/Needs_Approval  │
2026-03-02 19:26:47: │  Approved:   /mnt/c/h-0/AI_Employee_Vault_bronze/Approved        │
2026-03-02 19:26:47: │  Done:       /mnt/c/h-0/AI_Employee_Vault_bronze/Done            │
2026-03-02 19:26:47: │  Briefings:  /mnt/c/h-0/AI_Employee_Vault_bronze/Briefings       │
2026-03-02 19:26:47: │  Dashboard:  /mnt/c/h-0/AI_Employee_Vault_bronze/Dashboard.md    │
2026-03-02 19:26:47: │  Logs:       /mnt/c/h-0/AI_Employee_Vault_bronze/Logs            │
2026-03-02 19:26:47: │                                                                  │
2026-03-02 19:26:47: ╰──────────────────────────────────────────────────────────────────╯
2026-03-02 19:26:47: 
2026-03-06 19:55:57: 
2026-03-06 19:55:57: ╭──────────────────────────────────────────────────────────────────╮
2026-03-06 19:55:57: │                                                                  │
2026-03-06 19:55:57: │  AI EMPLOYEE — ORCHESTRATOR                                      │
2026-03-06 19:55:57: │  Decision Layer v0.2 (Gold Tier)  •  Local-First  •  Autonomous  │
2026-03-06 19:55:57: │                                                                  │
2026-03-06 19:55:57: │  Scanning:   /mnt/c/h-0/AI_Employee_Vault_bronze/Needs_Action    │
2026-03-06 19:55:57: │  Approval:   /mnt/c/h-0/AI_Employee_Vault_bronze/Needs_Approval  │
2026-03-06 19:55:57: │  Approved:   /mnt/c/h-0/AI_Employee_Vault_bronze/Approved        │
2026-03-06 19:55:57: │  Done:       /mnt/c/h-0/AI_Employee_Vault_bronze/Done            │
2026-03-06 19:55:57: │  Briefings:  /mnt/c/h-0/AI_Employee_Vault_bronze/Briefings       │
2026-03-06 19:55:57: │  Dashboard:  /mnt/c/h-0/AI_Employee_Vault_bronze/Dashboard.md    │
2026-03-06 19:55:57: │  Logs:       /mnt/c/h-0/AI_Employee_Vault_bronze/Logs            │
2026-03-06 19:55:57: │                                                                  │
2026-03-06 19:55:57: ╰──────────────────────────────────────────────────────────────────╯
2026-03-06 19:55:57: 
2026-03-06 20:08:07: ╭──────────────────────────────────────────────────────────────────────────────╮
2026-03-06 20:08:07: │                                                                              │
2026-03-06 20:08:07: │    AI EMPLOYEE — ORCHESTRATOR                                                │
2026-03-06 20:08:07: │                                                                              │
2026-03-06 20:08:07: ╰──────────────────────────────────────────────────────────────────────────────╯
2026-03-06 20:08:07: ╭──────────────────────────────────────╮╭──────────────────────────────────────╮
2026-03-06 20:08:07: │           Orchestrator Status        ││            Recent Actions            │
2026-03-06 20:08:07: │ ┏━━━━━━━━━━━━━━━━━━━━┳━━━━━━━━━━━━━━ ││ ┏━━━━━━┳━━━━━━━━┳━━━━━━━━┳━━━━━━━━━┓ │
2026-03-06 20:08:07: │ ┃ Metric             ┃ Value         ││ ┃ #    ┃ Action ┃ Detail ┃ Time    ┃ │
2026-03-06 20:08:07: │ ┡━━━━━━━━━━━━━━━━━━━━╇━━━━━━━━━━━━━━ ││ ┡━━━━━━╇━━━━━━━━╇━━━━━━━━╇━━━━━━━━━┩ │
2026-03-06 20:08:07: │ │ Status             │ ● ONLINE      ││ │ 1    │ Check… │ skill: │ 14:58:… │ │
2026-03-06 20:08:07: │ ├────────────────────┼────────────── ││ │      │ appro… │ accou… │         │ │
2026-03-06 20:08:07: │ │ Uptime             │ 00h 12m 10s   ││ │      │ Plan_… │ →      │         │ │
2026-03-06 20:08:07: │ ├────────────────────┼────────────── ││ │      │        │ Done/  │         │ │
2026-03-06 20:08:07: │ │ Scan Interval      │ 5s            ││ │ 2    │ Check… │ skill: │ 14:58:… │ │
2026-03-06 20:08:07: │ ├────────────────────┼────────────── ││ │      │ appro… │ accou… │         │ │
2026-03-06 20:08:07: │ │ Needs Action       │ 0             ││ │      │ Plan_… │ →      │         │ │
2026-03-06 20:08:07: │ ├────────────────────┼────────────── ││ │      │        │ Done/  │         │ │
2026-03-06 20:08:07: │ │ Needs Approval     │ 7             ││ │ 3    │ Check… │ skill: │ 14:58:… │ │
2026-03-06 20:08:07: │ ├────────────────────┼────────────── ││ │      │ appro… │ accou… │         │ │
2026-03-06 20:08:07: │ │ Approved Queue     │ 0             ││ │      │ Plan_… │ →      │         │ │
2026-03-06 20:08:07: ╰──────────────────────────────────────╯╰──────────────────────────────────────╯
2026-03-06 20:08:07: ╭──────────────────────────────────────────────────────────────────────────────╮
2026-03-06 20:08:07: │ Press Ctrl+C to stop  •  Scanning every 5s  •  Logs → Logs/<date>.json       │
2026-03-06 20:08:07: 
2026-03-06 20:08:07: ╭──────────────────────────────────────────────────────────────────────────────╮
2026-03-06 20:08:07: │ Orchestrator stopped.                                                        │
2026-03-06 20:08:07: │ Triaged 7 tasks  •  Plans 7  •  Escalated 7  •  Skills 5  •  Completed 5  •  │
2026-03-06 20:08:07: │ 0 errors                                                                     │
2026-03-06 20:08:07: ╰──────────────────────────────────────────────────────────────────────────────╯
2026-03-06 20:08:08: 
2026-03-06 20:08:08: ╭──────────────────────────────────────────────────────────────────╮
2026-03-06 20:08:08: │                                                                  │
2026-03-06 20:08:08: │  AI EMPLOYEE — ORCHESTRATOR                                      │
2026-03-06 20:08:08: │  Decision Layer v0.2 (Gold Tier)  •  Local-First  •  Autonomous  │
2026-03-06 20:08:08: │                                                                  │
2026-03-06 20:08:08: │  Scanning:   /mnt/c/h-0/AI_Employee_Vault_bronze/Needs_Action    │
2026-03-06 20:08:08: │  Approval:   /mnt/c/h-0/AI_Employee_Vault_bronze/Needs_Approval  │
2026-03-06 20:08:08: │  Approved:   /mnt/c/h-0/AI_Employee_Vault_bronze/Approved        │
2026-03-06 20:08:08: │  Done:       /mnt/c/h-0/AI_Employee_Vault_bronze/Done            │
2026-03-06 20:08:08: │  Briefings:  /mnt/c/h-0/AI_Employee_Vault_bronze/Briefings       │
2026-03-06 20:08:08: │  Dashboard:  /mnt/c/h-0/AI_Employee_Vault_bronze/Dashboard.md    │
2026-03-06 20:08:08: │  Logs:       /mnt/c/h-0/AI_Employee_Vault_bronze/Logs            │
2026-03-06 20:08:08: │                                                                  │
2026-03-06 20:08:08: ╰──────────────────────────────────────────────────────────────────╯
2026-03-06 20:08:08: 
2026-03-06 20:16:37: ╭──────────────────────────────────────────────────────────────────────────────╮
2026-03-06 20:16:37: │                                                                              │
2026-03-06 20:16:37: │    AI EMPLOYEE — ORCHESTRATOR                                                │
2026-03-06 20:16:37: │                                                                              │
2026-03-06 20:16:37: ╰──────────────────────────────────────────────────────────────────────────────╯
2026-03-06 20:16:37: ╭──────────────────────────────────────╮╭──────────────────────────────────────╮
2026-03-06 20:16:37: │           Orchestrator Status        ││            Recent Actions            │
2026-03-06 20:16:37: │ ┏━━━━━━━━━━━━━━━━━━━━┳━━━━━━━━━━━━━━ ││ ┏━━━━━━┳━━━━━━━━┳━━━━━━━━┳━━━━━━━━━┓ │
2026-03-06 20:16:37: │ ┃ Metric             ┃ Value         ││ ┃ #    ┃ Action ┃ Detail ┃ Time    ┃ │
2026-03-06 20:16:37: │ ┡━━━━━━━━━━━━━━━━━━━━╇━━━━━━━━━━━━━━ ││ ┡━━━━━━╇━━━━━━━━╇━━━━━━━━╇━━━━━━━━━┩ │
2026-03-06 20:16:37: │ │ Status             │ ● ONLINE      ││ │ 1    │ Escal… │ →      │ 15:13:… │ │
2026-03-06 20:16:37: │ ├────────────────────┼────────────── ││ │      │ TASK_… │ AWAIT… │         │ │
2026-03-06 20:16:37: │ │ Uptime             │ 00h 08m 29s   ││ │      │        │ HUMAN  │         │ │
2026-03-06 20:16:37: │ ├────────────────────┼────────────── ││ │      │        │ APPRO… │         │ │
2026-03-06 20:16:37: │ │ Scan Interval      │ 5s            ││ │ 2    │ Plan   │ for    │ 15:13:… │ │
2026-03-06 20:16:37: │ ├────────────────────┼────────────── ││ │      │ Plan_… │ TASK_… │         │ │
2026-03-06 20:16:37: │ │ Needs Action       │ 0             ││ │      │        │ (risk: │         │ │
2026-03-06 20:16:37: │ ├────────────────────┼────────────── ││ │      │        │ low)   │         │ │
2026-03-06 20:16:37: │ │ Needs Approval     │ 9             ││ │ 3    │ Escal… │ →      │ 15:13:… │ │
2026-03-06 20:16:37: │ ├────────────────────┼────────────── ││ │      │ TASK_… │ AWAIT… │         │ │
2026-03-06 20:16:37: │ │ Approved Queue     │ 0             ││ │      │        │ HUMAN  │         │ │
2026-03-06 20:16:37: ╰──────────────────────────────────────╯╰──────────────────────────────────────╯
2026-03-06 20:16:37: ╭──────────────────────────────────────────────────────────────────────────────╮
2026-03-06 20:16:37: │ Press Ctrl+C to stop  •  Scanning every 5s  •  Logs → Logs/<date>.json       │
2026-03-06 20:16:37: 
2026-03-06 20:16:37: ╭──────────────────────────────────────────────────────────────────────────────╮
2026-03-06 20:16:37: │ Orchestrator stopped.                                                        │
2026-03-06 20:16:37: │ Triaged 5 tasks  •  Plans 5  •  Escalated 5  •  Skills 0  •  Completed 0  •  │
2026-03-06 20:16:37: │ 0 errors                                                                     │
2026-03-06 20:16:37: ╰──────────────────────────────────────────────────────────────────────────────╯
2026-03-06 20:16:38: 
2026-03-06 20:16:38: ╭──────────────────────────────────────────────────────────────────╮
2026-03-06 20:16:38: │                                                                  │
2026-03-06 20:16:38: │  AI EMPLOYEE — ORCHESTRATOR                                      │
2026-03-06 20:16:38: │  Decision Layer v0.2 (Gold Tier)  •  Local-First  •  Autonomous  │
2026-03-06 20:16:38: │                                                                  │
2026-03-06 20:16:38: │  Scanning:   /mnt/c/h-0/AI_Employee_Vault_bronze/Needs_Action    │
2026-03-06 20:16:38: │  Approval:   /mnt/c/h-0/AI_Employee_Vault_bronze/Needs_Approval  │
2026-03-06 20:16:38: │  Approved:   /mnt/c/h-0/AI_Employee_Vault_bronze/Approved        │
2026-03-06 20:16:38: │  Done:       /mnt/c/h-0/AI_Employee_Vault_bronze/Done            │
2026-03-06 20:16:38: │  Briefings:  /mnt/c/h-0/AI_Employee_Vault_bronze/Briefings       │
2026-03-06 20:16:38: │  Dashboard:  /mnt/c/h-0/AI_Employee_Vault_bronze/Dashboard.md    │
2026-03-06 20:16:38: │  Logs:       /mnt/c/h-0/AI_Employee_Vault_bronze/Logs            │
2026-03-06 20:16:38: │                                                                  │
2026-03-06 20:16:38: ╰──────────────────────────────────────────────────────────────────╯
2026-03-06 20:16:38: 
2026-03-07 16:08:54: 
2026-03-07 16:08:54: ╭──────────────────────────────────────────────────────────────────╮
2026-03-07 16:08:54: │                                                                  │
2026-03-07 16:08:54: │  AI EMPLOYEE — ORCHESTRATOR                                      │
2026-03-07 16:08:54: │  Decision Layer v0.2 (Gold Tier)  •  Local-First  •  Autonomous  │
2026-03-07 16:08:54: │                                                                  │
2026-03-07 16:08:54: │  Scanning:   /mnt/c/h-0/AI_Employee_Vault_bronze/Needs_Action    │
2026-03-07 16:08:54: │  Approval:   /mnt/c/h-0/AI_Employee_Vault_bronze/Needs_Approval  │
2026-03-07 16:08:54: │  Approved:   /mnt/c/h-0/AI_Employee_Vault_bronze/Approved        │
2026-03-07 16:08:54: │  Done:       /mnt/c/h-0/AI_Employee_Vault_bronze/Done            │
2026-03-07 16:08:54: │  Briefings:  /mnt/c/h-0/AI_Employee_Vault_bronze/Briefings       │
2026-03-07 16:08:54: │  Dashboard:  /mnt/c/h-0/AI_Employee_Vault_bronze/Dashboard.md    │
2026-03-07 16:08:54: │  Logs:       /mnt/c/h-0/AI_Employee_Vault_bronze/Logs            │
2026-03-07 16:08:54: │                                                                  │
2026-03-07 16:08:54: ╰──────────────────────────────────────────────────────────────────╯
2026-03-07 16:08:54: 
2026-03-07 16:13:18: [16:13:18] ⚠ SERVICE OFFLINE: LinkedIn (Error) — Posting to  orchestrator.py:235
2026-03-07 16:13:18:            LinkedIn (225 chars) from                                            
2026-03-07 16:13:18:            TASK_20260307T110914_839.md...                                       
2026-03-07 16:13:18:              [1] Naviga                                                         
2026-03-07 16:13:27: [16:13:27] ⚠ SERVICE OFFLINE: LinkedIn (Error) — Posting to  orchestrator.py:235
2026-03-07 16:13:27:            LinkedIn (288 chars) from                                            
2026-03-07 16:13:27:            TASK_20260307T110915_425.md...                                       
2026-03-07 16:13:27:              [1] Naviga                                                         
2026-03-07 16:14:03: [16:14:03] ⚠ SERVICE OFFLINE: Facebook (Error) — Posting to  orchestrator.py:235
2026-03-07 16:14:03:            Facebook (259 chars) from                                            
2026-03-07 16:14:03:            TASK_20260307T110916_501.md...                                       
2026-03-07 16:14:03:              [1] Naviga                                                         
2026-03-07 16:28:35: ╭──────────────────────────────────────────────────────────────────────────────╮
2026-03-07 16:28:35: │                                                                              │
2026-03-07 16:28:35: │    AI EMPLOYEE — ORCHESTRATOR                                                │
2026-03-07 16:28:35: │                                                                              │
2026-03-07 16:28:35: ╰──────────────────────────────────────────────────────────────────────────────╯
2026-03-07 16:28:35: ╭──────────────────────────────────────╮╭──────────────────────────────────────╮
2026-03-07 16:28:35: │           Orchestrator Status        ││            Recent Actions            │
2026-03-07 16:28:35: │ ┏━━━━━━━━━━━━━━━━━━━━┳━━━━━━━━━━━━━━ ││ ┏━━━━━━┳━━━━━━━━┳━━━━━━━━┳━━━━━━━━━┓ │
2026-03-07 16:28:35: │ ┃ Metric             ┃ Value         ││ ┃ #    ┃ Action ┃ Detail ┃ Time    ┃ │
2026-03-07 16:28:35: │ ┡━━━━━━━━━━━━━━━━━━━━╇━━━━━━━━━━━━━━ ││ ┡━━━━━━╇━━━━━━━━╇━━━━━━━━╇━━━━━━━━━┩ │
2026-03-07 16:28:35: │ │ Status             │ ● ONLINE      ││ │ 1    │ Check… │ skill: │ 11:14:… │ │
2026-03-07 16:28:35: │ ├────────────────────┼────────────── ││ │      │ appro… │ gmail… │         │ │
2026-03-07 16:28:35: │ │ Uptime             │ 00h 19m 40s   ││ │      │ Plan_… │ →      │         │ │
2026-03-07 16:28:35: │ ├────────────────────┼────────────── ││ │      │        │ Done/  │         │ │
2026-03-07 16:28:35: │ │ Scan Interval      │ 5s            ││ │ 2    │ Check… │ skill: │ 11:14:… │ │
2026-03-07 16:28:35: │ ├────────────────────┼────────────── ││ │      │ appro… │ faceb… │         │ │
2026-03-07 16:28:35: │ │ Needs Action       │ 0             ││ │      │ Plan_… │ →      │         │ │
2026-03-07 16:28:35: │ ├────────────────────┼────────────── ││ │      │        │ Done/  │         │ │
2026-03-07 16:28:35: │ │ Needs Approval     │ 2             ││ │ 3    │ Check… │ skill: │ 11:13:… │ │
2026-03-07 16:28:35: │ ├────────────────────┼────────────── ││ │      │ appro… │ accou… │         │ │
2026-03-07 16:28:35: │ │ Approved Queue     │ 0             ││ │      │ Plan_… │ →      │         │ │
2026-03-07 16:28:35: ╰──────────────────────────────────────╯╰──────────────────────────────────────╯
2026-03-07 16:28:35: ╭──────────────────────────────────────────────────────────────────────────────╮
2026-03-07 16:28:35: │ Press Ctrl+C to stop  •  Scanning every 5s  •  Logs → Logs/<date>.json       │
2026-03-07 16:28:35: 
2026-03-07 16:28:35: ╭──────────────────────────────────────────────────────────────────────────────╮
2026-03-07 16:28:35: │ Orchestrator stopped.                                                        │
2026-03-07 16:28:35: │ Triaged 6 tasks  •  Plans 6  •  Escalated 6  •  Skills 3  •  Completed 6  •  │
2026-03-07 16:28:35: │ 3 errors                                                                     │
2026-03-07 16:28:35: ╰──────────────────────────────────────────────────────────────────────────────╯
2026-03-07 16:28:35: 
2026-03-07 16:28:35: ╭──────────────────────────────────────────────────────────────────╮
2026-03-07 16:28:35: │                                                                  │
2026-03-07 16:28:35: │  AI EMPLOYEE — ORCHESTRATOR                                      │
2026-03-07 16:28:35: │  Decision Layer v0.2 (Gold Tier)  •  Local-First  •  Autonomous  │
2026-03-07 16:28:35: │                                                                  │
2026-03-07 16:28:35: │  Scanning:   /mnt/c/h-0/AI_Employee_Vault_bronze/Needs_Action    │
2026-03-07 16:28:35: │  Approval:   /mnt/c/h-0/AI_Employee_Vault_bronze/Needs_Approval  │
2026-03-07 16:28:35: │  Approved:   /mnt/c/h-0/AI_Employee_Vault_bronze/Approved        │
2026-03-07 16:28:35: │  Done:       /mnt/c/h-0/AI_Employee_Vault_bronze/Done            │
2026-03-07 16:28:35: │  Briefings:  /mnt/c/h-0/AI_Employee_Vault_bronze/Briefings       │
2026-03-07 16:28:35: │  Dashboard:  /mnt/c/h-0/AI_Employee_Vault_bronze/Dashboard.md    │
2026-03-07 16:28:35: │  Logs:       /mnt/c/h-0/AI_Employee_Vault_bronze/Logs            │
2026-03-07 16:28:35: │                                                                  │
2026-03-07 16:28:35: ╰──────────────────────────────────────────────────────────────────╯
2026-03-07 16:28:35: 
2026-03-07 16:32:07: [16:32:07] ⚠ SERVICE OFFLINE: Instagram (Timeout) — No       orchestrator.py:235
2026-03-07 16:32:07:            image_path found — auto-generating image from                        
2026-03-07 16:32:07:            caption...                                                           
2026-03-07 16:32:07:               Auto-generat                                                      
2026-03-07 16:32:43: [16:32:43] ⚠ SERVICE OFFLINE: Facebook (Error) — Posting to  orchestrator.py:235
2026-03-07 16:32:43:            Facebook (284 chars) from                                            
2026-03-07 16:32:43:            TASK_20260307T112912_378.md...                                       
2026-03-07 16:32:43:              [1] Naviga                                                         
2026-03-07 16:34:34: [16:34:34] ⚠ SERVICE OFFLINE: Twitter (Timeout) — Posting to orchestrator.py:235
2026-03-07 16:34:34:            Twitter/X (247 chars) from                                           
2026-03-07 16:34:34:            TASK_20260307T112912_930.md...                                       
2026-03-07 16:34:34:              [1] Navig                                                          
2026-03-07 16:43:29: [16:43:29] ⚠ SERVICE OFFLINE: Instagram (Timeout) — No       orchestrator.py:235
2026-03-07 16:43:29:            image_path found — auto-generating image from                        
2026-03-07 16:43:29:            caption...                                                           
2026-03-07 16:43:29:               Auto-generat                                                      
2026-03-07 16:44:47: [16:44:47] ⚠ SERVICE OFFLINE: Twitter (Timeout) — Posting to orchestrator.py:235
2026-03-07 16:44:47:            Twitter/X (226 chars) from                                           
2026-03-07 16:44:47:            TASK_20260307T114114_379.md...                                       
2026-03-07 16:44:47:              [1] Navig                                                          
2026-03-07 16:44:53: [16:44:53] ⚠ SERVICE OFFLINE: Facebook (Error) — Posting to  orchestrator.py:235
2026-03-07 16:44:53:            Facebook (164 chars) from                                            
2026-03-07 16:44:53:            TASK_20260307T114114_909.md...                                       
2026-03-07 16:44:53:              [1] Naviga                                                         
2026-03-07 16:56:39: [16:56:39] ⚠ SERVICE OFFLINE: Twitter (Timeout) — Posting to orchestrator.py:235
2026-03-07 16:56:39:            Twitter/X (230 chars) from                                           
2026-03-07 16:56:39:            TASK_20260307T115323_671.md...                                       
2026-03-07 16:56:39:              [1] Navig                                                          
2026-03-07 16:57:48: [16:57:48] ⚠ SERVICE OFFLINE: Instagram (Timeout) — No       orchestrator.py:235
2026-03-07 16:57:48:            image_path found — auto-generating image from                        
2026-03-07 16:57:48:            caption...                                                           
2026-03-07 16:57:48:               Auto-generat                                                      
2026-03-07 17:09:02: [17:09:02] ⚠ SERVICE OFFLINE: Instagram (Timeout) — No       orchestrator.py:235
2026-03-07 17:09:02:            image_path found — auto-generating image from                        
2026-03-07 17:09:02:            caption...                                                           
2026-03-07 17:09:02:               Auto-generat                                                      
2026-03-08 06:51:04: 
2026-03-08 06:51:04: ╭──────────────────────────────────────────────────────────────────╮
2026-03-08 06:51:04: │                                                                  │
2026-03-08 06:51:04: │  AI EMPLOYEE — ORCHESTRATOR                                      │
2026-03-08 06:51:04: │  Decision Layer v0.2 (Gold Tier)  •  Local-First  •  Autonomous  │
2026-03-08 06:51:04: │                                                                  │
2026-03-08 06:51:04: │  Scanning:   /mnt/c/h-0/AI_Employee_Vault_bronze/Needs_Action    │
2026-03-08 06:51:04: │  Approval:   /mnt/c/h-0/AI_Employee_Vault_bronze/Needs_Approval  │
2026-03-08 06:51:04: │  Approved:   /mnt/c/h-0/AI_Employee_Vault_bronze/Approved        │
2026-03-08 06:51:04: │  Done:       /mnt/c/h-0/AI_Employee_Vault_bronze/Done            │
2026-03-08 06:51:04: │  Briefings:  /mnt/c/h-0/AI_Employee_Vault_bronze/Briefings       │
2026-03-08 06:51:04: │  Dashboard:  /mnt/c/h-0/AI_Employee_Vault_bronze/Dashboard.md    │
2026-03-08 06:51:04: │  Logs:       /mnt/c/h-0/AI_Employee_Vault_bronze/Logs            │
2026-03-08 06:51:04: │                                                                  │
2026-03-08 06:51:04: ╰──────────────────────────────────────────────────────────────────╯
2026-03-08 06:51:04: 
2026-03-29 16:54:41: 
2026-03-29 16:54:42: ╭──────────────────────────────────────────────────────────────────╮
2026-03-29 16:54:42: │                                                                  │
2026-03-29 16:54:42: │  AI EMPLOYEE — ORCHESTRATOR                                      │
2026-03-29 16:54:42: │  Decision Layer v0.2 (Gold Tier)  •  Local-First  •  Autonomous  │
2026-03-29 16:54:42: │                                                                  │
2026-03-29 16:54:42: │  Scanning:   /mnt/c/h-0/ai_employee_vault_bronze/Needs_Action    │
2026-03-29 16:54:42: │  Approval:   /mnt/c/h-0/ai_employee_vault_bronze/Needs_Approval  │
2026-03-29 16:54:42: │  Approved:   /mnt/c/h-0/ai_employee_vault_bronze/Approved        │
2026-03-29 16:54:42: │  Done:       /mnt/c/h-0/ai_employee_vault_bronze/Done            │
2026-03-29 16:54:42: │  Briefings:  /mnt/c/h-0/ai_employee_vault_bronze/Briefings       │
2026-03-29 16:54:42: │  Dashboard:  /mnt/c/h-0/ai_employee_vault_bronze/Dashboard.md    │
2026-03-29 16:54:42: │  Logs:       /mnt/c/h-0/ai_employee_vault_bronze/Logs            │
2026-03-29 16:54:42: │                                                                  │
2026-03-29 16:54:42: ╰──────────────────────────────────────────────────────────────────╯
2026-03-29 16:54:42: 
2026-03-29 17:23:45: ╭──────────────────────────────────────────────────────────────────────────────╮
2026-03-29 17:23:45: │                                                                              │
2026-03-29 17:23:45: │    AI EMPLOYEE — ORCHESTRATOR                                                │
2026-03-29 17:23:45: │                                                                              │
2026-03-29 17:23:45: ╰──────────────────────────────────────────────────────────────────────────────╯
2026-03-29 17:23:45: ╭──────────────────────────────────────╮╭──────────────────────────────────────╮
2026-03-29 17:23:45: │           Orchestrator Status        ││            Recent Actions            │
2026-03-29 17:23:45: │ ┏━━━━━━━━━━━━━━━━━━━━┳━━━━━━━━━━━━━━ ││ ┏━━━━━━┳━━━━━━━━┳━━━━━━━━┳━━━━━━━━━┓ │
2026-03-29 17:23:45: │ ┃ Metric             ┃ Value         ││ ┃ #    ┃ Action ┃ Detail ┃ Time    ┃ │
2026-03-29 17:23:45: │ ┡━━━━━━━━━━━━━━━━━━━━╇━━━━━━━━━━━━━━ ││ ┡━━━━━━╇━━━━━━━━╇━━━━━━━━╇━━━━━━━━━┩ │
2026-03-29 17:23:45: │ │ Status             │ ● ONLINE      ││ │ 1    │ Escal… │ →      │ 12:22:… │ │
2026-03-29 17:23:45: │ ├────────────────────┼────────────── ││ │      │ TASK_… │ AWAIT… │         │ │
2026-03-29 17:23:45: │ │ Uptime             │ 00h 29m 03s   ││ │      │        │ HUMAN  │         │ │
2026-03-29 17:23:45: │ ├────────────────────┼────────────── ││ │      │        │ APPRO… │         │ │
2026-03-29 17:23:45: │ │ Scan Interval      │ 5s            ││ │ 2    │ Plan   │ for    │ 12:22:… │ │
2026-03-29 17:23:45: │ ├────────────────────┼────────────── ││ │      │ Plan_… │ TASK_… │         │ │
2026-03-29 17:23:45: │ │ Needs Action       │ 0             ││ │      │        │ (risk: │         │ │
2026-03-29 17:23:45: │ ├────────────────────┼────────────── ││ │      │        │ high)  │         │ │
2026-03-29 17:23:45: │ │ Needs Approval     │ 32            ││ │ 3    │ Escal… │ →      │ 12:22:… │ │
2026-03-29 17:23:45: │ ├────────────────────┼────────────── ││ │      │ TASK_… │ AWAIT… │         │ │
2026-03-29 17:23:45: │ │ Approved Queue     │ 0             ││ │      │        │ HUMAN  │         │ │
2026-03-29 17:23:45: ╰──────────────────────────────────────╯╰──────────────────────────────────────╯
2026-03-29 17:23:45: ╭──────────────────────────────────────────────────────────────────────────────╮
2026-03-29 17:23:45: │ Press Ctrl+C to stop  •  Scanning every 5s  •  Logs → Logs/<date>.json       │
2026-03-29 17:23:45: 
2026-03-29 17:23:45: ╭──────────────────────────────────────────────────────────────────────────────╮
2026-03-29 17:23:45: │ Orchestrator stopped.                                                        │
2026-03-29 17:23:45: │ Triaged 13 tasks  •  Plans 13  •  Escalated 13  •  Skills 0  •  Completed 0  │
2026-03-29 17:23:45: │ •  0 errors                                                                  │
2026-03-29 17:23:45: ╰──────────────────────────────────────────────────────────────────────────────╯
2026-03-29 17:23:46: 
2026-03-29 17:23:46: ╭──────────────────────────────────────────────────────────────────╮
2026-03-29 17:23:46: │                                                                  │
2026-03-29 17:23:46: │  AI EMPLOYEE — ORCHESTRATOR                                      │
2026-03-29 17:23:46: │  Decision Layer v0.2 (Gold Tier)  •  Local-First  •  Autonomous  │
2026-03-29 17:23:46: │                                                                  │
2026-03-29 17:23:46: │  Scanning:   /mnt/c/h-0/ai_employee_vault_bronze/Needs_Action    │
2026-03-29 17:23:46: │  Approval:   /mnt/c/h-0/ai_employee_vault_bronze/Needs_Approval  │
2026-03-29 17:23:46: │  Approved:   /mnt/c/h-0/ai_employee_vault_bronze/Approved        │
2026-03-29 17:23:46: │  Done:       /mnt/c/h-0/ai_employee_vault_bronze/Done            │
2026-03-29 17:23:46: │  Briefings:  /mnt/c/h-0/ai_employee_vault_bronze/Briefings       │
2026-03-29 17:23:46: │  Dashboard:  /mnt/c/h-0/ai_employee_vault_bronze/Dashboard.md    │
2026-03-29 17:23:46: │  Logs:       /mnt/c/h-0/ai_employee_vault_bronze/Logs            │
2026-03-29 17:23:46: │                                                                  │
2026-03-29 17:23:46: ╰──────────────────────────────────────────────────────────────────╯
2026-03-29 17:23:46: 
2026-03-29 18:02:04: [18:02:04] ⚠ SERVICE OFFLINE: Instagram (Error) — No         orchestrator.py:235
2026-03-29 18:02:04:            image_path found — auto-generating image from                        
2026-03-29 18:02:04:            caption...                                                           
2026-03-29 18:02:04:               Auto-generat                                                      
2026-03-29 18:53:47: ╭──────────────────────────────────────────────────────────────────────────────╮
2026-03-29 18:53:47: │                                                                              │
2026-03-29 18:53:47: │    AI EMPLOYEE — ORCHESTRATOR                                                │
2026-03-29 18:53:47: │                                                                              │
2026-03-29 18:53:47: ╰──────────────────────────────────────────────────────────────────────────────╯
2026-03-29 18:53:47: ╭──────────────────────────────────────╮╭──────────────────────────────────────╮
2026-03-29 18:53:47: │           Orchestrator Status        ││            Recent Actions            │
2026-03-29 18:53:47: │ ┏━━━━━━━━━━━━━━━━━━━━┳━━━━━━━━━━━━━━ ││ ┏━━━━━━┳━━━━━━━━┳━━━━━━━━┳━━━━━━━━━┓ │
2026-03-29 18:53:47: │ ┃ Metric             ┃ Value         ││ ┃ #    ┃ Action ┃ Detail ┃ Time    ┃ │
2026-03-29 18:53:47: │ ┡━━━━━━━━━━━━━━━━━━━━╇━━━━━━━━━━━━━━ ││ ┡━━━━━━╇━━━━━━━━╇━━━━━━━━╇━━━━━━━━━┩ │
2026-03-29 18:53:47: │ │ Status             │ ● ONLINE      ││ │ 1    │ Check… │ skill: │ 13:51:… │ │
2026-03-29 18:53:47: │ ├────────────────────┼────────────── ││ │      │ appro… │ gmail… │         │ │
2026-03-29 18:53:47: │ │ Uptime             │ 01h 30m 00s   ││ │      │ Plan_… │ →      │         │ │
2026-03-29 18:53:47: │ ├────────────────────┼────────────── ││ │      │        │ Done/  │         │ │
2026-03-29 18:53:47: │ │ Scan Interval      │ 5s            ││ │ 2    │ Escal… │ →      │ 13:49:… │ │
2026-03-29 18:53:47: │ ├────────────────────┼────────────── ││ │      │ WHATS… │ AWAIT… │         │ │
2026-03-29 18:53:47: │ │ Needs Action       │ 0             ││ │      │        │ HUMAN  │         │ │
2026-03-29 18:53:47: │ ├────────────────────┼────────────── ││ │      │        │ APPRO… │         │ │
2026-03-29 18:53:47: │ │ Needs Approval     │ 44            ││ │ 3    │ Plan   │ for    │ 13:49:… │ │
2026-03-29 18:53:47: │ ├────────────────────┼────────────── ││ │      │ Plan_… │ WHATS… │         │ │
2026-03-29 18:53:47: │ │ Approved Queue     │ 0             ││ │      │        │ (risk: │         │ │
2026-03-29 18:53:47: ╰──────────────────────────────────────╯╰──────────────────────────────────────╯
2026-03-29 18:53:47: ╭──────────────────────────────────────────────────────────────────────────────╮
2026-03-29 18:53:47: │ Press Ctrl+C to stop  •  Scanning every 5s  •  Logs → Logs/<date>.json       │
2026-03-29 18:53:47: 
2026-03-29 18:53:47: ╭──────────────────────────────────────────────────────────────────────────────╮
2026-03-29 18:53:47: │ Orchestrator stopped.                                                        │
2026-03-29 18:53:47: │ Triaged 15 tasks  •  Plans 15  •  Escalated 15  •  Skills 8  •  Completed 9  │
2026-03-29 18:53:47: │ •  1 errors                                                                  │
2026-03-29 18:53:47: ╰──────────────────────────────────────────────────────────────────────────────╯
2026-03-29 18:53:47: 
2026-03-29 18:53:47: ╭──────────────────────────────────────────────────────────────────╮
2026-03-29 18:53:47: │                                                                  │
2026-03-29 18:53:47: │  AI EMPLOYEE — ORCHESTRATOR                                      │
2026-03-29 18:53:47: │  Decision Layer v0.2 (Gold Tier)  •  Local-First  •  Autonomous  │
2026-03-29 18:53:47: │                                                                  │
2026-03-29 18:53:47: │  Scanning:   /mnt/c/h-0/ai_employee_vault_bronze/Needs_Action    │
2026-03-29 18:53:47: │  Approval:   /mnt/c/h-0/ai_employee_vault_bronze/Needs_Approval  │
2026-03-29 18:53:47: │  Approved:   /mnt/c/h-0/ai_employee_vault_bronze/Approved        │
2026-03-29 18:53:47: │  Done:       /mnt/c/h-0/ai_employee_vault_bronze/Done            │
2026-03-29 18:53:47: │  Briefings:  /mnt/c/h-0/ai_employee_vault_bronze/Briefings       │
2026-03-29 18:53:47: │  Dashboard:  /mnt/c/h-0/ai_employee_vault_bronze/Dashboard.md    │
2026-03-29 18:53:47: │  Logs:       /mnt/c/h-0/ai_employee_vault_bronze/Logs            │
2026-03-29 18:53:47: │                                                                  │
2026-03-29 18:53:47: ╰──────────────────────────────────────────────────────────────────╯
2026-03-29 18:53:47: 
2026-03-30 18:30:31: 
2026-03-30 18:30:31: ╭──────────────────────────────────────────────────────────────────╮
2026-03-30 18:30:31: │                                                                  │
2026-03-30 18:30:31: │  AI EMPLOYEE — ORCHESTRATOR                                      │
2026-03-30 18:30:31: │  Decision Layer v0.2 (Gold Tier)  •  Local-First  •  Autonomous  │
2026-03-30 18:30:31: │                                                                  │
2026-03-30 18:30:31: │  Scanning:   /mnt/c/h-0/ai_employee_vault_bronze/Needs_Action    │
2026-03-30 18:30:31: │  Approval:   /mnt/c/h-0/ai_employee_vault_bronze/Needs_Approval  │
2026-03-30 18:30:31: │  Approved:   /mnt/c/h-0/ai_employee_vault_bronze/Approved        │
2026-03-30 18:30:31: │  Done:       /mnt/c/h-0/ai_employee_vault_bronze/Done            │
2026-03-30 18:30:31: │  Briefings:  /mnt/c/h-0/ai_employee_vault_bronze/Briefings       │
2026-03-30 18:30:31: │  Dashboard:  /mnt/c/h-0/ai_employee_vault_bronze/Dashboard.md    │
2026-03-30 18:30:31: │  Logs:       /mnt/c/h-0/ai_employee_vault_bronze/Logs            │
2026-03-30 18:30:31: │                                                                  │
2026-03-30 18:30:31: ╰──────────────────────────────────────────────────────────────────╯
2026-03-30 18:30:31: 
2026-03-30 18:33:26: [18:33:26] ⚠ SERVICE OFFLINE: Odoo (Error) — Executing Odoo  orchestrator.py:235
2026-03-30 18:33:26:            action 'draft_invoice' from FINAL_ODOO_TEST.md...                    
2026-03-30 18:33:26:            Customer 'Test                                                       
2026-03-30 19:30:59: ╭──────────────────────────────────────────────────────────────────────────────╮
2026-03-30 19:30:59: │                                                                              │
2026-03-30 19:30:59: │    AI EMPLOYEE — ORCHESTRATOR                                                │
2026-03-30 19:30:59: │                                                                              │
2026-03-30 19:30:59: ╰──────────────────────────────────────────────────────────────────────────────╯
2026-03-30 19:30:59: ╭──────────────────────────────────────╮╭──────────────────────────────────────╮
2026-03-30 19:30:59: │           Orchestrator Status        ││            Recent Actions            │
2026-03-30 19:30:59: │ ┏━━━━━━━━━━━━━━━━━━━━┳━━━━━━━━━━━━━━ ││ ┏━━━━━━┳━━━━━━━━┳━━━━━━━━┳━━━━━━━━━┓ │
2026-03-30 19:30:59: │ ┃ Metric             ┃ Value         ││ ┃ #    ┃ Action ┃ Detail ┃ Time    ┃ │
2026-03-30 19:30:59: │ ┡━━━━━━━━━━━━━━━━━━━━╇━━━━━━━━━━━━━━ ││ ┡━━━━━━╇━━━━━━━━╇━━━━━━━━╇━━━━━━━━━┩ │
2026-03-30 19:30:59: │ │ Status             │ ● ONLINE      ││ │ 1    │ Check… │ skill: │ 13:38:… │ │
2026-03-30 19:30:59: │ ├────────────────────┼────────────── ││ │      │ appro… │ accou… │         │ │
2026-03-30 19:30:59: │ │ Uptime             │ 01h 00m 28s   ││ │      │ Plan_… │ →      │         │ │
2026-03-30 19:30:59: │ ├────────────────────┼────────────── ││ │      │        │ Done/  │         │ │
2026-03-30 19:30:59: │ │ Scan Interval      │ 5s            ││ │ 2    │ Escal… │ →      │ 13:35:… │ │
2026-03-30 19:30:59: │ ├────────────────────┼────────────── ││ │      │ ODOO_… │ AWAIT… │         │ │
2026-03-30 19:30:59: │ │ Needs Action       │ 0             ││ │      │        │ HUMAN  │         │ │
2026-03-30 19:30:59: │ ├────────────────────┼────────────── ││ │      │        │ APPRO… │         │ │
2026-03-30 19:30:59: │ │ Needs Approval     │ 44            ││ │ 3    │ Plan   │ for    │ 13:35:… │ │
2026-03-30 19:30:59: │ ├────────────────────┼────────────── ││ │      │ Plan_… │ ODOO_… │         │ │
2026-03-30 19:30:59: │ │ Approved Queue     │ 0             ││ │      │        │ (risk: │         │ │
2026-03-30 19:30:59: ╰──────────────────────────────────────╯╰──────────────────────────────────────╯
2026-03-30 19:30:59: ╭──────────────────────────────────────────────────────────────────────────────╮
2026-03-30 19:30:59: │ Press Ctrl+C to stop  •  Scanning every 5s  •  Logs → Logs/<date>.json       │
2026-03-30 19:30:59: 
2026-03-30 19:30:59: ╭──────────────────────────────────────────────────────────────────────────────╮
2026-03-30 19:30:59: │ Orchestrator stopped.                                                        │
2026-03-30 19:30:59: │ Triaged 4 tasks  •  Plans 4  •  Escalated 4  •  Skills 2  •  Completed 4  •  │
2026-03-30 19:30:59: │ 2 errors                                                                     │
2026-03-30 19:30:59: ╰──────────────────────────────────────────────────────────────────────────────╯
2026-03-30 19:31:00: 
2026-03-30 19:31:00: ╭──────────────────────────────────────────────────────────────────╮
2026-03-30 19:31:00: │                                                                  │
2026-03-30 19:31:00: │  AI EMPLOYEE — ORCHESTRATOR                                      │
2026-03-30 19:31:00: │  Decision Layer v0.2 (Gold Tier)  •  Local-First  •  Autonomous  │
2026-03-30 19:31:00: │                                                                  │
2026-03-30 19:31:00: │  Scanning:   /mnt/c/h-0/ai_employee_vault_bronze/Needs_Action    │
2026-03-30 19:31:00: │  Approval:   /mnt/c/h-0/ai_employee_vault_bronze/Needs_Approval  │
2026-03-30 19:31:00: │  Approved:   /mnt/c/h-0/ai_employee_vault_bronze/Approved        │
2026-03-30 19:31:00: │  Done:       /mnt/c/h-0/ai_employee_vault_bronze/Done            │
2026-03-30 19:31:00: │  Briefings:  /mnt/c/h-0/ai_employee_vault_bronze/Briefings       │
2026-03-30 19:31:00: │  Dashboard:  /mnt/c/h-0/ai_employee_vault_bronze/Dashboard.md    │
2026-03-30 19:31:00: │  Logs:       /mnt/c/h-0/ai_employee_vault_bronze/Logs            │
2026-03-30 19:31:00: │                                                                  │
2026-03-30 19:31:00: ╰──────────────────────────────────────────────────────────────────╯
2026-03-30 19:31:00: 
