2026-03-29 17:24:48: 
2026-03-29 17:24:48: ╭───────────────────────────────────────────────────────────────╮
2026-03-29 17:24:48: │                                                               │
2026-03-29 17:24:48: │  AI EMPLOYEE — WHATSAPP WATCHER                               │
2026-03-29 17:24:48: │  Perception Layer v0.1  •  Playwright  •  Keyword Detection   │
2026-03-29 17:24:48: │                                                               │
2026-03-29 17:24:48: │  Output:     /mnt/c/h-0/ai_employee_vault_bronze/Inbox        │
2026-03-29 17:24:48: │  Logs:       /mnt/c/h-0/ai_employee_vault_bronze/Logs         │
2026-03-29 17:24:48: │  Session:    /mnt/c/h-0/ai_employee_vault_bronze/.wa_session  │
2026-03-29 17:24:48: │  Interval:   60s                                              │
2026-03-29 17:24:48: │  Keywords:   invoice, payment, order, help, urgent...         │
2026-03-29 17:24:48: │                                                               │
2026-03-29 17:24:48: ╰───────────────────────────────────────────────────────────────╯
2026-03-29 17:24:48: 
2026-03-29 17:25:22: ⚠ WhatsApp Web not loaded — waiting for QR scan or session...
2026-03-29 17:26:54: ⚠ WhatsApp Web not loaded — waiting for QR scan or session...
2026-03-29 17:28:29: ⚠ WhatsApp Web not loaded — waiting for QR scan or session...
2026-03-29 17:30:04: ⚠ WhatsApp Web not loaded — waiting for QR scan or session...
2026-03-29 17:31:38: ⚠ WhatsApp Web not loaded — waiting for QR scan or session...
2026-03-29 17:33:10: ⚠ WhatsApp Web not loaded — waiting for QR scan or session...
2026-03-29 17:34:43: ⚠ WhatsApp Web not loaded — waiting for QR scan or session...
2026-03-29 17:36:14: ⚠ WhatsApp Web not loaded — waiting for QR scan or session...
2026-03-29 17:37:46: ⚠ WhatsApp Web not loaded — waiting for QR scan or session...
2026-03-29 17:39:17: ⚠ WhatsApp Web not loaded — waiting for QR scan or session...
2026-03-29 17:40:48: ⚠ WhatsApp Web not loaded — waiting for QR scan or session...
2026-03-29 17:42:18: ⚠ WhatsApp Web not loaded — waiting for QR scan or session...
2026-03-29 17:43:49: ⚠ WhatsApp Web not loaded — waiting for QR scan or session...
2026-03-29 17:45:19: ⚠ WhatsApp Web not loaded — waiting for QR scan or session...
2026-03-29 17:46:50: ⚠ WhatsApp Web not loaded — waiting for QR scan or session...
2026-03-29 17:48:20: ⚠ WhatsApp Web not loaded — waiting for QR scan or session...
2026-03-29 17:49:51: ⚠ WhatsApp Web not loaded — waiting for QR scan or session...
2026-03-29 17:53:44: ⚠ WhatsApp Web not loaded — waiting for QR scan or session...
2026-03-29 17:55:17: ⚠ WhatsApp Web not loaded — waiting for QR scan or session...
2026-03-29 17:56:55: ⚠ WhatsApp Web not loaded — waiting for QR scan or session...
2026-03-29 17:58:26: ⚠ WhatsApp Web not loaded — waiting for QR scan or session...
2026-03-29 17:59:59: ⚠ WhatsApp Web not loaded — waiting for QR scan or session...
2026-03-29 18:01:32: ⚠ WhatsApp Web not loaded — waiting for QR scan or session...
2026-03-29 18:03:03: ⚠ WhatsApp Web not loaded — waiting for QR scan or session...
2026-03-29 18:04:38: ⚠ WhatsApp Web not loaded — waiting for QR scan or session...
2026-03-29 18:06:11: ⚠ WhatsApp Web not loaded — waiting for QR scan or session...
2026-03-29 18:07:44: ⚠ WhatsApp Web not loaded — waiting for QR scan or session...
2026-03-29 18:09:16: ⚠ WhatsApp Web not loaded — waiting for QR scan or session...
2026-03-29 18:10:48: ⚠ WhatsApp Web not loaded — waiting for QR scan or session...
2026-03-29 18:12:22: ⚠ WhatsApp Web not loaded — waiting for QR scan or session...
2026-03-29 18:13:56: ⚠ WhatsApp Web not loaded — waiting for QR scan or session...
2026-03-29 18:15:28: ⚠ WhatsApp Web not loaded — waiting for QR scan or session...
2026-03-29 18:16:59: ⚠ WhatsApp Web not loaded — waiting for QR scan or session...
2026-03-29 18:18:34: ⚠ WhatsApp Web not loaded — waiting for QR scan or session...
2026-03-29 18:20:05: ⚠ WhatsApp Web not loaded — waiting for QR scan or session...
2026-03-29 18:21:36: ⚠ WhatsApp Web not loaded — waiting for QR scan or session...
2026-03-29 18:23:07: ⚠ WhatsApp Web not loaded — waiting for QR scan or session...
2026-03-29 18:24:39: ⚠ WhatsApp Web not loaded — waiting for QR scan or session...
2026-03-29 18:26:20: ⚠ WhatsApp Web not loaded — waiting for QR scan or session...
2026-03-29 18:27:51: ⚠ WhatsApp Web not loaded — waiting for QR scan or session...
2026-03-29 18:29:23: ⚠ WhatsApp Web not loaded — waiting for QR scan or session...
2026-03-29 18:30:54: ⚠ WhatsApp Web not loaded — waiting for QR scan or session...
2026-03-29 18:32:25: ⚠ WhatsApp Web not loaded — waiting for QR scan or session...
2026-03-29 18:33:56: ⚠ WhatsApp Web not loaded — waiting for QR scan or session...
2026-03-29 18:35:28: ⚠ WhatsApp Web not loaded — waiting for QR scan or session...
2026-03-29 18:37:03: ⚠ WhatsApp Web not loaded — waiting for QR scan or session...
2026-03-29 18:38:34: ⚠ WhatsApp Web not loaded — waiting for QR scan or session...
2026-03-29 18:40:06: ⚠ WhatsApp Web not loaded — waiting for QR scan or session...
2026-03-29 18:41:37: ⚠ WhatsApp Web not loaded — waiting for QR scan or session...
2026-03-29 18:46:51: ⚠ WhatsApp Web not loaded — waiting for QR scan or session...
2026-03-29 18:48:20: ⚠ WhatsApp Web not loaded — waiting for QR scan or session...
2026-03-29 18:49:34: Error checking WhatsApp: Page.wait_for_selector: Target page, context or browser
2026-03-29 18:49:34: has been closed
2026-03-29 18:49:34: Call log:
2026-03-29 18:49:34:   - waiting for locator("") to be visible
2026-03-29 18:49:34: 
2026-03-29 18:49:36: 
2026-03-29 18:49:36: ╭───────────────────────────────────────────────────────────────╮
2026-03-29 18:49:36: │                                                               │
2026-03-29 18:49:36: │  AI EMPLOYEE — WHATSAPP WATCHER                               │
2026-03-29 18:49:36: │  Perception Layer v0.1  •  Playwright  •  Keyword Detection   │
2026-03-29 18:49:36: │                                                               │
2026-03-29 18:49:36: │  Output:     /mnt/c/h-0/ai_employee_vault_bronze/Inbox        │
2026-03-29 18:49:36: │  Logs:       /mnt/c/h-0/ai_employee_vault_bronze/Logs         │
2026-03-29 18:49:36: │  Session:    /mnt/c/h-0/ai_employee_vault_bronze/.wa_session  │
2026-03-29 18:49:36: │  Interval:   60s                                              │
2026-03-29 18:49:36: │  Keywords:   invoice, payment, order, help, urgent...         │
2026-03-29 18:49:36: │                                                               │
2026-03-29 18:49:36: ╰───────────────────────────────────────────────────────────────╯
2026-03-29 18:49:36: 
2026-03-29 18:50:07: ⚠ WhatsApp Web not loaded — waiting for QR scan or session...
2026-03-29 18:51:35: ⚠ WhatsApp Web not loaded — waiting for QR scan or session...
2026-03-29 18:53:03: ⚠ WhatsApp Web not loaded — waiting for QR scan or session...
2026-03-29 18:54:31: ⚠ WhatsApp Web not loaded — waiting for QR scan or session...
2026-03-29 18:55:59: ⚠ WhatsApp Web not loaded — waiting for QR scan or session...
2026-03-29 18:57:28: ⚠ WhatsApp Web not loaded — waiting for QR scan or session...
2026-03-30 18:30:31: 
2026-03-30 18:30:31: ╭───────────────────────────────────────────────────────────────╮
2026-03-30 18:30:31: │                                                               │
2026-03-30 18:30:31: │  AI EMPLOYEE — WHATSAPP WATCHER                               │
2026-03-30 18:30:31: │  Perception Layer v0.1  •  Playwright  •  Keyword Detection   │
2026-03-30 18:30:31: │                                                               │
2026-03-30 18:30:31: │  Output:     /mnt/c/h-0/ai_employee_vault_bronze/Inbox        │
2026-03-30 18:30:31: │  Logs:       /mnt/c/h-0/ai_employee_vault_bronze/Logs         │
2026-03-30 18:30:31: │  Session:    /mnt/c/h-0/ai_employee_vault_bronze/.wa_session  │
2026-03-30 18:30:31: │  Interval:   60s                                              │
2026-03-30 18:30:31: │  Keywords:   invoice, payment, order, help, urgent...         │
2026-03-30 18:30:31: │                                                               │
2026-03-30 18:30:31: ╰───────────────────────────────────────────────────────────────╯
2026-03-30 18:30:31: 
2026-03-30 18:31:05: ⚠ WhatsApp Web not loaded — waiting for QR scan or session...
2026-03-30 18:32:40: ⚠ WhatsApp Web not loaded — waiting for QR scan or session...
2026-03-30 18:34:18: ⚠ WhatsApp Web not loaded — waiting for QR scan or session...
2026-03-30 18:35:51: ⚠ WhatsApp Web not loaded — waiting for QR scan or session...
2026-03-30 18:37:24: ⚠ WhatsApp Web not loaded — waiting for QR scan or session...
2026-03-30 18:39:02: ⚠ WhatsApp Web not loaded — waiting for QR scan or session...
2026-03-30 18:40:48: ⚠ WhatsApp Web not loaded — waiting for QR scan or session...
2026-03-30 18:42:21: ⚠ WhatsApp Web not loaded — waiting for QR scan or session...
2026-03-30 18:44:01: ⚠ WhatsApp Web not loaded — waiting for QR scan or session...
2026-03-30 18:45:54: ⚠ WhatsApp Web not loaded — waiting for QR scan or session...
2026-03-30 18:47:28: ⚠ WhatsApp Web not loaded — waiting for QR scan or session...
2026-03-30 18:49:07: ⚠ WhatsApp Web not loaded — waiting for QR scan or session...
2026-03-30 18:50:41: ⚠ WhatsApp Web not loaded — waiting for QR scan or session...
2026-03-30 18:52:15: ⚠ WhatsApp Web not loaded — waiting for QR scan or session...
2026-03-30 18:53:52: ⚠ WhatsApp Web not loaded — waiting for QR scan or session...
2026-03-30 18:55:26: ⚠ WhatsApp Web not loaded — waiting for QR scan or session...
2026-03-30 19:20:32: ⚠ WhatsApp Web not loaded — waiting for QR scan or session...
2026-03-30 19:22:05: ⚠ WhatsApp Web not loaded — waiting for QR scan or session...
2026-03-30 19:23:39: ⚠ WhatsApp Web not loaded — waiting for QR scan or session...
2026-03-30 19:25:12: ⚠ WhatsApp Web not loaded — waiting for QR scan or session...
2026-03-30 19:26:47: ⚠ WhatsApp Web not loaded — waiting for QR scan or session...
2026-03-30 19:28:25: ⚠ WhatsApp Web not loaded — waiting for QR scan or session...
2026-03-30 19:29:58: ⚠ WhatsApp Web not loaded — waiting for QR scan or session...
2026-03-30 19:30:58: ╭──────────────────────────────────────────────────────────────────────────────╮
2026-03-30 19:30:58: │                                                                              │
2026-03-30 19:30:58: │    AI EMPLOYEE — WHATSAPP WATCHER                                            │
2026-03-30 19:30:58: │                                                                              │
2026-03-30 19:30:58: ╰──────────────────────────────────────────────────────────────────────────────╯
2026-03-30 19:30:58: ╭──────────────────────────────────────╮╭──────────────────────────────────────╮
2026-03-30 19:30:58: │       WhatsApp Watcher Status        ││       Recent WhatsApp Messages       │
2026-03-30 19:30:58: │ ┏━━━━━━━━━━━━━━━━━━━━┳━━━━━━━━━━━━━┓ ││ ┏━━━━━━┳━━━━━━━━━━┳━━━━━━━━━┳━━━━━━┓ │
2026-03-30 19:30:58: │ ┃ Metric             ┃ Value       ┃ ││ ┃ #    ┃ From     ┃ Keywor… ┃ Time ┃ │
2026-03-30 19:30:58: │ ┡━━━━━━━━━━━━━━━━━━━━╇━━━━━━━━━━━━━┩ ││ ┡━━━━━━╇━━━━━━━━━━╇━━━━━━━━━╇━━━━━━┩ │
2026-03-30 19:30:58: │ │ Status             │ ● ONLINE    │ ││ │ —    │ Waiting  │ —       │ —    │ │
2026-03-30 19:30:58: │ ├────────────────────┼─────────────┤ ││ │      │ for      │         │      │ │
2026-03-30 19:30:58: │ │ Uptime             │ 01h 00m 27s │ ││ │      │ message… │         │      │ │
2026-03-30 19:30:58: │ ├────────────────────┼─────────────┤ ││ └──────┴──────────┴─────────┴──────┘ │
2026-03-30 19:30:58: │ │ Poll Interval      │ 60s         │ ││                                      │
2026-03-30 19:30:58: │ ├────────────────────┼─────────────┤ ││                                      │
2026-03-30 19:30:58: │ │ WhatsApp Inbox     │ 1           │ ││                                      │
2026-03-30 19:30:58: │ │ Files              │             │ ││                                      │
2026-03-30 19:30:58: │ ├────────────────────┼─────────────┤ ││                                      │
2026-03-30 19:30:58: │ │ Messages Captured  │ 0           │ ││                                      │
2026-03-30 19:30:58: │ ├────────────────────┼─────────────┤ ││                                      │
2026-03-30 19:30:58: ╰──────────────────────────────────────╯╰──────────────────────────────────────╯
2026-03-30 19:30:58: ╭──────────────────────────────────────────────────────────────────────────────╮
2026-03-30 19:30:58: │ Press Ctrl+C to stop  •  Polling every 60s  •  Session:                      │
2026-03-30 19:30:58: 
2026-03-30 19:30:58: ╭──────────────────────────────────╮
2026-03-30 19:30:58: │ WhatsApp Watcher stopped.        │
2026-03-30 19:30:58: │ Captured 0 messages  •  0 errors │
2026-03-30 19:30:58: ╰──────────────────────────────────╯
2026-03-30 19:31:00: 
2026-03-30 19:31:00: ╭───────────────────────────────────────────────────────────────╮
2026-03-30 19:31:00: │                                                               │
2026-03-30 19:31:00: │  AI EMPLOYEE — WHATSAPP WATCHER                               │
2026-03-30 19:31:00: │  Perception Layer v0.1  •  Playwright  •  Keyword Detection   │
2026-03-30 19:31:00: │                                                               │
2026-03-30 19:31:00: │  Output:     /mnt/c/h-0/ai_employee_vault_bronze/Inbox        │
2026-03-30 19:31:00: │  Logs:       /mnt/c/h-0/ai_employee_vault_bronze/Logs         │
2026-03-30 19:31:00: │  Session:    /mnt/c/h-0/ai_employee_vault_bronze/.wa_session  │
2026-03-30 19:31:00: │  Interval:   60s                                              │
2026-03-30 19:31:00: │  Keywords:   invoice, payment, order, help, urgent...         │
2026-03-30 19:31:00: │                                                               │
2026-03-30 19:31:00: ╰───────────────────────────────────────────────────────────────╯
2026-03-30 19:31:00: 
2026-03-30 19:31:34: ⚠ WhatsApp Web not loaded — waiting for QR scan or session...
2026-03-30 19:33:15: ⚠ WhatsApp Web not loaded — waiting for QR scan or session...
2026-03-30 19:34:56: ⚠ WhatsApp Web not loaded — waiting for QR scan or session...
2026-03-30 19:36:30: ⚠ WhatsApp Web not loaded — waiting for QR scan or session...
2026-03-30 19:38:06: ⚠ WhatsApp Web not loaded — waiting for QR scan or session...
2026-03-30 19:39:43: ⚠ WhatsApp Web not loaded — waiting for QR scan or session...
2026-03-30 19:41:17: ⚠ WhatsApp Web not loaded — waiting for QR scan or session...
2026-03-30 19:42:51: ⚠ WhatsApp Web not loaded — waiting for QR scan or session...
2026-03-30 19:44:31: ⚠ WhatsApp Web not loaded — waiting for QR scan or session...
2026-03-30 19:46:04: ⚠ WhatsApp Web not loaded — waiting for QR scan or session...
2026-03-30 19:47:42: ⚠ WhatsApp Web not loaded — waiting for QR scan or session...
2026-03-30 19:49:20: ⚠ WhatsApp Web not loaded — waiting for QR scan or session...
2026-03-30 19:50:57: ⚠ WhatsApp Web not loaded — waiting for QR scan or session...
2026-03-30 19:52:31: ⚠ WhatsApp Web not loaded — waiting for QR scan or session...
2026-03-30 19:54:07: ⚠ WhatsApp Web not loaded — waiting for QR scan or session...
2026-03-30 19:55:41: ⚠ WhatsApp Web not loaded — waiting for QR scan or session...
2026-03-30 19:57:14: ⚠ WhatsApp Web not loaded — waiting for QR scan or session...
2026-03-30 19:58:47: ⚠ WhatsApp Web not loaded — waiting for QR scan or session...
2026-03-30 20:00:21: ⚠ WhatsApp Web not loaded — waiting for QR scan or session...
2026-03-30 20:01:54: ⚠ WhatsApp Web not loaded — waiting for QR scan or session...
2026-03-30 20:03:29: ⚠ WhatsApp Web not loaded — waiting for QR scan or session...
2026-03-30 20:05:02: ⚠ WhatsApp Web not loaded — waiting for QR scan or session...
2026-03-30 20:06:35: ⚠ WhatsApp Web not loaded — waiting for QR scan or session...
2026-03-30 20:08:09: ⚠ WhatsApp Web not loaded — waiting for QR scan or session...
2026-03-30 20:09:42: ⚠ WhatsApp Web not loaded — waiting for QR scan or session...
2026-03-30 20:11:19: ⚠ WhatsApp Web not loaded — waiting for QR scan or session...
2026-03-30 20:12:52: ⚠ WhatsApp Web not loaded — waiting for QR scan or session...
2026-03-30 20:14:26: ⚠ WhatsApp Web not loaded — waiting for QR scan or session...
2026-03-30 20:16:00: ⚠ WhatsApp Web not loaded — waiting for QR scan or session...
2026-03-30 20:17:33: ⚠ WhatsApp Web not loaded — waiting for QR scan or session...
2026-03-30 20:19:07: ⚠ WhatsApp Web not loaded — waiting for QR scan or session...
2026-03-30 20:20:41: ⚠ WhatsApp Web not loaded — waiting for QR scan or session...
2026-03-30 20:22:14: ⚠ WhatsApp Web not loaded — waiting for QR scan or session...
