[bold green]Watcher started[/] — monitoring [cyan]/mnt/c/h-0/AI_Employee_Vault_bronze/Inbox[/]
[bold green]✓[/] Created [bold]TASK_20260302T132848.md[/]  ←  [cyan]gold_tier_test.md[/]
[bold green]✓[/] Created [bold]TASK_20260302T133148.md[/]  ←  [cyan]gold_odoo_invoice.md[/]
[bold green]✓[/] Created [bold]TASK_20260302T133149.md[/]  ←  [cyan]gold_linkedin_post.md[/]
[bold green]✓[/] Created [bold]TASK_20260302T133149.md[/]  ←  [cyan]gold_twitter_post.md[/]
[bold green]✓[/] Created [bold]TASK_20260302T133150.md[/]  ←  [cyan]gold_facebook_post.md[/]
[bold green]Watcher started[/] — monitoring [cyan]/mnt/c/h-0/AI_Employee_Vault_bronze/Inbox[/]
[bold green]✓[/] Created [bold]TASK_20260306T145706.md[/]  ←  [cyan]test_odoo_invoice.md[/]
[bold green]✓[/] Created [bold]TASK_20260306T145710.md[/]  ←  [cyan]test_linkedin_post.md[/]
[bold green]✓[/] Created [bold]TASK_20260306T145714.md[/]  ←  [cyan]test_facebook_post.md[/]
[bold green]✓[/] Created [bold]TASK_20260306T145716.md[/]  ←  [cyan]test_twitter_post.md[/]
[bold green]✓[/] Created [bold]TASK_20260306T145718.md[/]  ←  [cyan]test_instagram_post.md[/]
[bold green]✓[/] Created [bold]TASK_20260306T145722.md[/]  ←  [cyan]test_gmail_send.md[/]
[bold green]✓[/] Created [bold]TASK_20260306T145724.md[/]  ←  [cyan]test_ceo_briefing.md[/]
[bold green]✓[/] Created [bold]TASK_20260306T151315.md[/]  ←  [cyan]run_odoo_v2.md[/]
[bold green]✓[/] Created [bold]TASK_20260306T151315.md[/]  ←  [cyan]run_linkedin_v2.md[/]
[bold green]✓[/] Created [bold]TASK_20260306T151316.md[/]  ←  [cyan]run_facebook_v2.md[/]
[bold green]✓[/] Created [bold]TASK_20260306T151317.md[/]  ←  [cyan]run_twitter_v2.md[/]
[bold green]✓[/] Created [bold]TASK_20260306T151318.md[/]  ←  [cyan]run_gmail_v2.md[/]
[bold green]✓[/] Created [bold]TASK_20260306T151319.md[/]  ←  [cyan]run_instagram_v2.md[/]
[bold yellow]Received SIGINT[/] — shutting down gracefully…
[bold green]Watcher started[/] — monitoring [cyan]/mnt/c/h-0/AI_Employee_Vault_bronze/Inbox[/]
[bold green]Watcher started[/] — monitoring [cyan]/mnt/c/h-0/AI_Employee_Vault_bronze/Inbox[/]
[bold green]✓[/] Created [bold]TASK_20260307T110914_229.md[/]  ←  [cyan]test_twitter.md[/]
[bold green]✓[/] Created [bold]TASK_20260307T110914_839.md[/]  ←  [cyan]test_instagram.md[/]
[bold green]✓[/] Created [bold]TASK_20260307T110915_425.md[/]  ←  [cyan]test_linkedin.md[/]
[bold green]✓[/] Created [bold]TASK_20260307T110915_960.md[/]  ←  [cyan]test_odoo.md[/]
[bold green]✓[/] Created [bold]TASK_20260307T110916_501.md[/]  ←  [cyan]test_facebook.md[/]
[bold green]✓[/] Created [bold]TASK_20260307T110917_088.md[/]  ←  [cyan]test_gmail.md[/]
[bold green]✓[/] Created [bold]TASK_20260307T112911_454.md[/]  ←  [cyan]e2e_instagram.md[/]
[bold green]✓[/] Created [bold]TASK_20260307T112912_378.md[/]  ←  [cyan]e2e_facebook.md[/]
[bold green]✓[/] Created [bold]TASK_20260307T112912_930.md[/]  ←  [cyan]e2e_twitter.md[/]
[bold green]✓[/] Created [bold]TASK_20260307T114113_854.md[/]  ←  [cyan]e2e_ig2.md[/]
[bold green]✓[/] Created [bold]TASK_20260307T114114_379.md[/]  ←  [cyan]e2e_tw2.md[/]
[bold green]✓[/] Created [bold]TASK_20260307T114114_909.md[/]  ←  [cyan]e2e_fb2.md[/]
[bold green]✓[/] Created [bold]TASK_20260307T115323_110.md[/]  ←  [cyan]e2e_fb3.md[/]
[bold green]✓[/] Created [bold]TASK_20260307T115323_671.md[/]  ←  [cyan]e2e_tw3.md[/]
[bold green]✓[/] Created [bold]TASK_20260307T115324_278.md[/]  ←  [cyan]e2e_ig3.md[/]
[bold green]✓[/] Created [bold]TASK_20260307T120642_288.md[/]  ←  [cyan]e2e_tw4.md[/]
[bold green]✓[/] Created [bold]TASK_20260307T120642_843.md[/]  ←  [cyan]e2e_ig4.md[/]
[bold green]Watcher started[/] — monitoring [cyan]/mnt/c/h-0/AI_Employee_Vault_bronze/Inbox[/]
